TN:
SF:C:\Users\Alayesanmi Femi\ReactProjects\ALCWithForLoop\ALCWithForLoop\apis/index.js
FN:19,(anonymous_0)
FNF:1
FNH:1
FNDA:1,(anonymous_0)
DA:1,1
DA:2,1
DA:3,1
DA:4,1
DA:5,1
DA:7,1
DA:10,1
DA:11,1
DA:13,1
DA:15,1
DA:16,1
DA:17,1
DA:19,1
DA:21,1
LF:14
LH:14
BRF:0
BRH:0
end_of_record
TN:
SF:C:\Users\Alayesanmi Femi\ReactProjects\ALCWithForLoop\ALCWithForLoop\apis\controllers/meals.controllers.js
FN:4,fetchAllMeals
FN:86,(anonymous_5)
FNF:2
FNH:2
FNDA:14,fetchAllMeals
FNDA:13,(anonymous_5)
DA:1,1
DA:2,1
DA:4,1
DA:6,1
DA:7,1
DA:14,6
DA:15,6
DA:18,1
DA:21,6
DA:24,2
DA:27,6
DA:30,4
DA:33,6
DA:36,1
DA:39,6
DA:42,5
DA:45,6
DA:48,3
DA:51,6
DA:54,5
DA:59,1
DA:60,1
DA:61,1
DA:68,2
DA:69,2
DA:70,2
DA:73,1
DA:78,1
DA:85,3
DA:86,13
DA:88,3
DA:91,1
DA:93,3
DA:96,1
DA:98,3
DA:101,2
DA:106,1
DA:107,1
DA:108,1
DA:115,2
DA:116,2
DA:117,2
DA:120,1
DA:125,1
DA:126,1
DA:133,1
LF:46
LH:46
BRDA:15,0,0,1
BRDA:15,0,1,5
BRDA:21,1,0,2
BRDA:21,1,1,4
BRDA:27,2,0,4
BRDA:27,2,1,2
BRDA:33,3,0,1
BRDA:33,3,1,5
BRDA:39,4,0,5
BRDA:39,4,1,1
BRDA:45,5,0,3
BRDA:45,5,1,3
BRDA:51,6,0,5
BRDA:51,6,1,1
BRDA:70,7,0,1
BRDA:70,7,1,1
BRDA:88,8,0,1
BRDA:88,8,1,2
BRDA:93,9,0,1
BRDA:93,9,1,2
BRDA:98,10,0,2
BRDA:98,10,1,1
BRDA:117,11,0,1
BRDA:117,11,1,1
BRF:24
BRH:24
end_of_record
TN:
SF:C:\Users\Alayesanmi Femi\ReactProjects\ALCWithForLoop\ALCWithForLoop\apis\controllers/menu.controllers.js
FN:5,setUpMenuOption
FN:28,(anonymous_2)
FN:37,(anonymous_3)
FN:66,(anonymous_5)
FN:68,(anonymous_6)
FNF:5
FNH:5
FNDA:10,setUpMenuOption
FNDA:2,(anonymous_2)
FNDA:22,(anonymous_3)
FNDA:2,(anonymous_5)
FNDA:2,(anonymous_6)
DA:1,1
DA:2,1
DA:3,1
DA:5,1
DA:9,6
DA:11,6
DA:12,6
DA:14,6
DA:17,1
DA:20,6
DA:23,2
DA:27,6
DA:28,2
DA:30,6
DA:33,1
DA:37,22
DA:38,6
DA:41,4
DA:43,2
DA:46,6
DA:49,5
DA:55,1
DA:56,1
DA:57,1
DA:64,2
DA:66,2
DA:68,2
DA:70,2
DA:73,1
DA:76,2
DA:79,0
DA:81,2
DA:84,0
DA:86,2
DA:89,1
DA:94,1
DA:95,1
DA:96,1
DA:103,2
DA:104,2
DA:111,1
LF:41
LH:39
BRDA:14,0,0,1
BRDA:14,0,1,5
BRDA:20,1,0,2
BRDA:20,1,1,4
BRDA:28,2,0,2
BRDA:28,2,1,1
BRDA:30,3,0,1
BRDA:30,3,1,5
BRDA:38,4,0,4
BRDA:38,4,1,2
BRDA:46,5,0,5
BRDA:46,5,1,1
BRDA:70,6,0,1
BRDA:70,6,1,1
BRDA:76,7,0,0
BRDA:76,7,1,2
BRDA:81,8,0,0
BRDA:81,8,1,2
BRDA:86,9,0,1
BRDA:86,9,1,1
BRF:20
BRH:18
end_of_record
TN:
SF:C:\Users\Alayesanmi Femi\ReactProjects\ALCWithForLoop\ALCWithForLoop\apis\controllers/order.conrollers.js
FN:5,fetchAllOrders
FN:23,(anonymous_3)
FN:37,(anonymous_4)
FN:86,(anonymous_6)
FN:93,(anonymous_7)
FNF:5
FNH:5
FNDA:8,fetchAllOrders
FNDA:2,(anonymous_3)
FNDA:2,(anonymous_4)
FNDA:3,(anonymous_6)
FNDA:1,(anonymous_7)
DA:1,1
DA:2,1
DA:3,1
DA:5,1
DA:8,2
DA:9,2
DA:17,3
DA:18,3
DA:19,3
DA:22,3
DA:23,2
DA:24,3
DA:27,1
DA:28,1
DA:29,1
DA:36,2
DA:37,2
DA:39,2
DA:42,1
DA:44,1
DA:47,2
DA:50,0
DA:53,2
DA:56,0
DA:59,2
DA:62,0
DA:65,2
DA:68,1
DA:73,1
DA:74,1
DA:75,1
DA:82,3
DA:84,3
DA:86,3
DA:88,3
DA:90,3
DA:93,1
DA:94,1
DA:97,1
DA:101,3
DA:104,0
DA:107,3
DA:110,2
DA:113,3
DA:116,2
DA:121,1
DA:122,1
DA:123,1
DA:124,1
DA:131,1
LF:50
LH:46
BRDA:24,0,0,1
BRDA:24,0,1,2
BRDA:39,1,0,1
BRDA:39,1,1,1
BRDA:47,2,0,0
BRDA:47,2,1,2
BRDA:53,3,0,0
BRDA:53,3,1,2
BRDA:59,4,0,0
BRDA:59,4,1,2
BRDA:65,5,0,1
BRDA:65,5,1,1
BRDA:90,6,0,1
BRDA:90,6,1,2
BRDA:94,7,0,1
BRDA:94,7,1,0
BRDA:101,8,0,0
BRDA:101,8,1,3
BRDA:107,9,0,2
BRDA:107,9,1,1
BRDA:113,10,0,2
BRDA:113,10,1,1
BRF:22
BRH:17
end_of_record
TN:
SF:C:\Users\Alayesanmi Femi\ReactProjects\ALCWithForLoop\ALCWithForLoop\apis\models/Meals.js
FN:2,Meals
FNF:1
FNH:1
FNDA:4,Meals
DA:2,4
DA:3,4
DA:4,4
DA:5,4
DA:6,4
DA:7,4
DA:8,4
DA:12,1
LF:8
LH:8
BRF:0
BRH:0
end_of_record
TN:
SF:C:\Users\Alayesanmi Femi\ReactProjects\ALCWithForLoop\ALCWithForLoop\apis\models/Menu.js
FN:2,Menu
FNF:1
FNH:1
FNDA:1,Menu
DA:2,1
DA:3,1
DA:4,1
DA:5,1
DA:6,1
DA:7,1
DA:10,1
LF:7
LH:7
BRF:0
BRH:0
end_of_record
TN:
SF:C:\Users\Alayesanmi Femi\ReactProjects\ALCWithForLoop\ALCWithForLoop\apis\models/Order.js
FN:2,Order
FNF:1
FNH:1
FNDA:1,Order
DA:2,1
DA:3,1
DA:4,1
DA:5,1
DA:6,1
DA:7,1
DA:8,1
DA:9,1
DA:12,1
LF:9
LH:9
BRF:0
BRH:0
end_of_record
TN:
SF:C:\Users\Alayesanmi Femi\ReactProjects\ALCWithForLoop\ALCWithForLoop\apis\routes/mealsRoute.js
FNF:0
FNH:0
DA:1,1
DA:3,1
DA:6,1
DA:8,1
DA:10,1
DA:12,1
DA:14,1
DA:16,1
DA:18,1
LF:9
LH:9
BRF:0
BRH:0
end_of_record
TN:
SF:C:\Users\Alayesanmi Femi\ReactProjects\ALCWithForLoop\ALCWithForLoop\apis\routes/menuRoute.js
FNF:0
FNH:0
DA:1,1
DA:3,1
DA:5,1
DA:7,1
DA:9,1
DA:11,1
DA:13,1
LF:7
LH:7
BRF:0
BRH:0
end_of_record
TN:
SF:C:\Users\Alayesanmi Femi\ReactProjects\ALCWithForLoop\ALCWithForLoop\apis\routes/orderRoute.js
FNF:0
FNH:0
DA:1,1
DA:3,1
DA:5,1
DA:7,1
DA:9,1
DA:11,1
DA:13,1
LF:7
LH:7
BRF:0
BRH:0
end_of_record
TN:
SF:C:\Users\Alayesanmi Femi\ReactProjects\ALCWithForLoop\ALCWithForLoop\apis\services/MealServices.js
FN:6,fetchAllMeals
FN:8,(anonymous_2)
FN:22,(anonymous_4)
FN:67,(anonymous_8)
FN:74,(anonymous_9)
FNF:5
FNH:5
FNDA:8,fetchAllMeals
FNDA:4,(anonymous_2)
FNDA:10,(anonymous_4)
FNDA:5,(anonymous_8)
FNDA:1,(anonymous_9)
DA:1,1
DA:3,1
DA:6,1
DA:8,1
DA:9,4
DA:10,4
DA:11,4
DA:12,4
DA:13,4
DA:14,4
DA:15,4
DA:16,4
DA:18,1
DA:22,10
DA:23,4
DA:27,1
DA:28,1
DA:29,1
DA:30,1
DA:31,1
DA:32,1
DA:36,1
DA:37,1
DA:40,1
DA:43,1
DA:46,1
DA:49,1
DA:52,0
DA:55,1
DA:58,1
DA:60,1
DA:64,1
DA:65,1
DA:66,1
DA:67,5
DA:69,1
DA:72,0
DA:74,1
DA:75,1
DA:76,1
DA:80,1
LF:41
LH:39
BRDA:37,0,0,1
BRDA:37,0,1,0
BRDA:43,1,0,1
BRDA:43,1,1,0
BRDA:49,2,0,0
BRDA:49,2,1,1
BRDA:55,3,0,1
BRDA:55,3,1,0
BRDA:69,4,0,0
BRDA:69,4,1,1
BRF:10
BRH:5
end_of_record
TN:
SF:C:\Users\Alayesanmi Femi\ReactProjects\ALCWithForLoop\ALCWithForLoop\apis\services/MenuServices.js
FN:6,setUpMenu
FN:45,(anonymous_4)
FNF:2
FNH:2
FNDA:4,setUpMenu
FNDA:1,(anonymous_4)
DA:1,1
DA:2,1
DA:4,1
DA:6,1
DA:8,1
DA:9,1
DA:11,1
DA:14,1
DA:15,1
DA:16,1
DA:18,0
DA:19,0
DA:20,0
DA:22,0
DA:24,0
DA:25,0
DA:29,1
DA:30,1
DA:33,1
DA:36,1
DA:39,1
DA:41,1
DA:45,2
DA:46,1
DA:47,1
DA:48,1
DA:49,1
DA:50,1
DA:51,1
DA:53,1
DA:55,2
DA:59,1
LF:32
LH:26
BRDA:11,0,0,1
BRDA:11,0,1,0
BRDA:30,1,0,1
BRDA:30,1,1,0
BRDA:36,2,0,1
BRDA:36,2,1,0
BRF:6
BRH:3
end_of_record
TN:
SF:C:\Users\Alayesanmi Femi\ReactProjects\ALCWithForLoop\ALCWithForLoop\apis\services/OrderServices.js
FN:6,addOrder
FN:30,(anonymous_3)
FN:35,(anonymous_4)
FN:56,(anonymous_6)
FNF:4
FNH:3
FNDA:4,addOrder
FNDA:1,(anonymous_3)
FNDA:0,(anonymous_4)
FNDA:1,(anonymous_6)
DA:1,1
DA:2,1
DA:4,1
DA:6,1
DA:9,1
DA:10,1
DA:12,1
DA:15,1
DA:16,1
DA:17,1
DA:20,0
DA:21,0
DA:22,0
DA:23,0
DA:24,0
DA:26,0
DA:27,0
DA:30,1
DA:32,1
DA:35,0
DA:36,0
DA:37,0
DA:38,0
DA:41,1
DA:44,0
DA:47,1
DA:50,1
DA:52,1
DA:56,2
DA:57,1
DA:58,1
DA:59,1
DA:60,1
DA:61,1
DA:62,1
DA:63,1
DA:64,1
DA:65,1
DA:67,2
DA:71,1
LF:40
LH:28
BRDA:12,0,0,1
BRDA:12,0,1,0
BRDA:32,1,0,0
BRDA:32,1,1,1
BRDA:41,2,0,0
BRDA:41,2,1,1
BRDA:47,3,0,1
BRDA:47,3,1,0
BRF:8
BRH:4
end_of_record
TN:
SF:C:\Users\Alayesanmi Femi\ReactProjects\ALCWithForLoop\ALCWithForLoop\apis\test/meal_test.js
FN:11,(anonymous_1)
FN:12,(anonymous_2)
FN:15,(anonymous_3)
FN:24,(anonymous_4)
FN:27,(anonymous_5)
FN:34,(anonymous_6)
FN:37,(anonymous_7)
FN:44,(anonymous_8)
FN:53,(anonymous_9)
FN:61,(anonymous_10)
FN:69,(anonymous_11)
FN:77,(anonymous_12)
FN:84,(anonymous_13)
FN:92,(anonymous_14)
FN:101,(anonymous_15)
FN:108,(anonymous_16)
FN:116,(anonymous_17)
FN:123,(anonymous_18)
FN:134,(anonymous_19)
FN:142,(anonymous_20)
FN:151,(anonymous_21)
FN:158,(anonymous_22)
FN:167,(anonymous_23)
FN:173,(anonymous_24)
FN:182,(anonymous_25)
FN:189,(anonymous_26)
FN:192,(anonymous_27)
FN:199,(anonymous_28)
FN:202,(anonymous_29)
FNF:29
FNH:29
FNDA:1,(anonymous_1)
FNDA:1,(anonymous_2)
FNDA:1,(anonymous_3)
FNDA:1,(anonymous_4)
FNDA:1,(anonymous_5)
FNDA:1,(anonymous_6)
FNDA:1,(anonymous_7)
FNDA:1,(anonymous_8)
FNDA:1,(anonymous_9)
FNDA:1,(anonymous_10)
FNDA:1,(anonymous_11)
FNDA:1,(anonymous_12)
FNDA:1,(anonymous_13)
FNDA:1,(anonymous_14)
FNDA:1,(anonymous_15)
FNDA:1,(anonymous_16)
FNDA:1,(anonymous_17)
FNDA:1,(anonymous_18)
FNDA:1,(anonymous_19)
FNDA:1,(anonymous_20)
FNDA:1,(anonymous_21)
FNDA:1,(anonymous_22)
FNDA:1,(anonymous_23)
FNDA:1,(anonymous_24)
FNDA:1,(anonymous_25)
FNDA:1,(anonymous_26)
FNDA:1,(anonymous_27)
FNDA:1,(anonymous_28)
FNDA:1,(anonymous_29)
DA:2,1
DA:4,1
DA:5,1
DA:7,1
DA:8,1
DA:9,1
DA:11,1
DA:12,1
DA:13,1
DA:16,1
DA:19,1
DA:20,1
DA:24,1
DA:25,1
DA:28,1
DA:29,1
DA:30,1
DA:34,1
DA:35,1
DA:38,1
DA:39,1
DA:40,1
DA:44,1
DA:45,1
DA:50,1
DA:54,1
DA:55,1
DA:56,1
DA:57,1
DA:61,1
DA:62,1
DA:66,1
DA:70,1
DA:71,1
DA:72,1
DA:73,1
DA:77,1
DA:78,1
DA:81,1
DA:85,1
DA:86,1
DA:87,1
DA:88,1
DA:92,1
DA:93,1
DA:98,1
DA:102,1
DA:103,1
DA:104,1
DA:105,1
DA:108,1
DA:109,1
DA:113,1
DA:117,1
DA:118,1
DA:119,1
DA:120,1
DA:123,1
DA:124,1
DA:131,1
DA:135,1
DA:136,1
DA:137,1
DA:138,1
DA:142,1
DA:143,1
DA:148,1
DA:152,1
DA:153,1
DA:154,1
DA:158,1
DA:159,1
DA:164,1
DA:168,1
DA:169,1
DA:170,1
DA:173,1
DA:174,1
DA:179,1
DA:183,1
DA:184,1
DA:185,1
DA:189,1
DA:190,1
DA:193,1
DA:194,1
DA:195,1
DA:199,1
DA:200,1
DA:203,1
DA:204,1
DA:205,1
LF:92
LH:92
BRF:0
BRH:0
end_of_record
TN:
SF:C:\Users\Alayesanmi Femi\ReactProjects\ALCWithForLoop\ALCWithForLoop\apis\test/menu_test.js
FN:11,(anonymous_1)
FN:12,(anonymous_2)
FN:19,(anonymous_3)
FN:25,(anonymous_4)
FN:32,(anonymous_5)
FN:38,(anonymous_6)
FN:46,(anonymous_7)
FN:52,(anonymous_8)
FN:55,(anonymous_9)
FN:62,(anonymous_10)
FN:70,(anonymous_11)
FN:76,(anonymous_12)
FN:84,(anonymous_13)
FN:90,(anonymous_14)
FN:98,(anonymous_15)
FN:106,(anonymous_16)
FN:109,(anonymous_17)
FN:115,(anonymous_18)
FN:124,(anonymous_19)
FN:130,(anonymous_20)
FN:139,(anonymous_21)
FNF:21
FNH:21
FNDA:1,(anonymous_1)
FNDA:1,(anonymous_2)
FNDA:1,(anonymous_3)
FNDA:1,(anonymous_4)
FNDA:1,(anonymous_5)
FNDA:1,(anonymous_6)
FNDA:1,(anonymous_7)
FNDA:1,(anonymous_8)
FNDA:1,(anonymous_9)
FNDA:1,(anonymous_10)
FNDA:1,(anonymous_11)
FNDA:1,(anonymous_12)
FNDA:1,(anonymous_13)
FNDA:1,(anonymous_14)
FNDA:1,(anonymous_15)
FNDA:1,(anonymous_16)
FNDA:1,(anonymous_17)
FNDA:1,(anonymous_18)
FNDA:1,(anonymous_19)
FNDA:1,(anonymous_20)
FNDA:1,(anonymous_21)
DA:2,1
DA:4,1
DA:5,1
DA:7,1
DA:8,1
DA:9,1
DA:11,1
DA:12,1
DA:13,1
DA:16,1
DA:20,1
DA:21,1
DA:22,1
DA:25,1
DA:26,1
DA:29,1
DA:33,1
DA:34,1
DA:35,1
DA:38,1
DA:39,1
DA:43,1
DA:47,1
DA:48,1
DA:49,1
DA:52,1
DA:53,1
DA:56,1
DA:57,1
DA:58,1
DA:59,1
DA:62,1
DA:63,1
DA:67,1
DA:71,1
DA:72,1
DA:73,1
DA:76,1
DA:77,1
DA:81,1
DA:85,1
DA:86,1
DA:87,1
DA:90,1
DA:91,1
DA:95,1
DA:99,1
DA:100,1
DA:101,1
DA:106,1
DA:107,1
DA:110,1
DA:111,1
DA:112,1
DA:115,1
DA:116,1
DA:121,1
DA:125,1
DA:126,1
DA:127,1
DA:130,1
DA:131,1
DA:136,1
DA:140,1
DA:141,1
DA:142,1
LF:66
LH:66
BRF:0
BRH:0
end_of_record
TN:
SF:C:\Users\Alayesanmi Femi\ReactProjects\ALCWithForLoop\ALCWithForLoop\apis\test/order_test.js
FN:11,(anonymous_1)
FN:12,(anonymous_2)
FN:15,(anonymous_3)
FN:22,(anonymous_4)
FN:32,(anonymous_5)
FN:38,(anonymous_6)
FN:41,(anonymous_7)
FN:47,(anonymous_8)
FN:57,(anonymous_9)
FN:63,(anonymous_10)
FN:73,(anonymous_11)
FN:79,(anonymous_12)
FN:89,(anonymous_13)
FN:95,(anonymous_14)
FN:102,(anonymous_15)
FN:108,(anonymous_16)
FN:115,(anonymous_17)
FNF:17
FNH:17
FNDA:1,(anonymous_1)
FNDA:1,(anonymous_2)
FNDA:1,(anonymous_3)
FNDA:1,(anonymous_4)
FNDA:1,(anonymous_5)
FNDA:1,(anonymous_6)
FNDA:1,(anonymous_7)
FNDA:1,(anonymous_8)
FNDA:1,(anonymous_9)
FNDA:1,(anonymous_10)
FNDA:1,(anonymous_11)
FNDA:1,(anonymous_12)
FNDA:1,(anonymous_13)
FNDA:1,(anonymous_14)
FNDA:1,(anonymous_15)
FNDA:1,(anonymous_16)
FNDA:1,(anonymous_17)
DA:2,1
DA:4,1
DA:5,1
DA:7,1
DA:8,1
DA:9,1
DA:11,1
DA:12,1
DA:13,1
DA:16,1
DA:17,1
DA:18,1
DA:19,1
DA:22,1
DA:23,1
DA:29,1
DA:33,1
DA:34,1
DA:35,1
DA:38,1
DA:39,1
DA:42,1
DA:43,1
DA:44,1
DA:47,1
DA:48,1
DA:54,1
DA:58,1
DA:59,1
DA:60,1
DA:63,1
DA:64,1
DA:70,1
DA:74,1
DA:75,1
DA:76,1
DA:79,1
DA:80,1
DA:86,1
DA:90,1
DA:91,1
DA:92,1
DA:95,1
DA:96,1
DA:99,1
DA:103,1
DA:104,1
DA:105,1
DA:108,1
DA:109,1
DA:112,1
DA:116,1
DA:117,1
DA:118,1
LF:54
LH:54
BRF:0
BRH:0
end_of_record
TN:
SF:C:\Users\Alayesanmi Femi\ReactProjects\ALCWithForLoop\ALCWithForLoop\apis\utils/date.js
FNF:0
FNH:0
DA:1,1
DA:2,1
DA:3,1
DA:4,1
DA:6,1
DA:7,0
DA:10,1
DA:11,1
DA:14,1
DA:16,1
LF:10
LH:9
BRDA:6,0,0,0
BRDA:6,0,1,1
BRDA:10,1,0,1
BRDA:10,1,1,0
BRF:4
BRH:2
end_of_record
TN:
SF:C:\Users\Alayesanmi Femi\ReactProjects\ALCWithForLoop\ALCWithForLoop\apis\utils/dummyData.js
FNF:0
FNH:0
DA:1,1
LF:1
LH:1
BRF:0
BRH:0
end_of_record
