{"C:\\Users\\Alayesanmi Femi\\ReactProjects\\ALCWithForLoop\\ALCWithForLoop\\apis\\test\\meal_test.js":{"path":"C:\\Users\\Alayesanmi Femi\\ReactProjects\\ALCWithForLoop\\ALCWithForLoop\\apis\\test\\meal_test.js","statementMap":{"0":{"start":{"line":3,"column":13},"end":{"line":3,"column":56}},"1":{"start":{"line":5,"column":39},"end":{"line":5,"column":93}},"2":{"start":{"line":8,"column":13},"end":{"line":8,"column":28}},"3":{"start":{"line":10,"column":17},"end":{"line":10,"column":37}},"4":{"start":{"line":12,"column":0},"end":{"line":12,"column":19}},"5":{"start":{"line":13,"column":15},"end":{"line":13,"column":28}},"6":{"start":{"line":16,"column":4},"end":{"line":16,"column":8}},"7":{"start":{"line":17,"column":12},"end":{"line":17,"column":14}},"8":{"start":{"line":18,"column":0},"end":{"line":171,"column":3}},"9":{"start":{"line":19,"column":19},"end":{"line":52,"column":3}},"10":{"start":{"line":53,"column":2},"end":{"line":61,"column":5}},"11":{"start":{"line":54,"column":4},"end":{"line":60,"column":7}},"12":{"start":{"line":55,"column":6},"end":{"line":55,"column":34}},"13":{"start":{"line":56,"column":6},"end":{"line":56,"column":70}},"14":{"start":{"line":58,"column":6},"end":{"line":58,"column":38}},"15":{"start":{"line":59,"column":6},"end":{"line":59,"column":13}},"16":{"start":{"line":62,"column":2},"end":{"line":68,"column":5}},"17":{"start":{"line":63,"column":4},"end":{"line":67,"column":7}},"18":{"start":{"line":64,"column":6},"end":{"line":64,"column":34}},"19":{"start":{"line":65,"column":6},"end":{"line":65,"column":65}},"20":{"start":{"line":66,"column":6},"end":{"line":66,"column":13}},"21":{"start":{"line":69,"column":2},"end":{"line":75,"column":5}},"22":{"start":{"line":70,"column":4},"end":{"line":74,"column":7}},"23":{"start":{"line":71,"column":6},"end":{"line":71,"column":44}},"24":{"start":{"line":72,"column":6},"end":{"line":72,"column":34}},"25":{"start":{"line":73,"column":6},"end":{"line":73,"column":13}},"26":{"start":{"line":76,"column":2},"end":{"line":82,"column":5}},"27":{"start":{"line":77,"column":4},"end":{"line":81,"column":7}},"28":{"start":{"line":78,"column":6},"end":{"line":78,"column":45}},"29":{"start":{"line":79,"column":6},"end":{"line":79,"column":34}},"30":{"start":{"line":80,"column":6},"end":{"line":80,"column":13}},"31":{"start":{"line":83,"column":2},"end":{"line":90,"column":5}},"32":{"start":{"line":84,"column":4},"end":{"line":89,"column":7}},"33":{"start":{"line":85,"column":6},"end":{"line":85,"column":34}},"34":{"start":{"line":86,"column":6},"end":{"line":86,"column":37}},"35":{"start":{"line":87,"column":6},"end":{"line":87,"column":46}},"36":{"start":{"line":88,"column":6},"end":{"line":88,"column":13}},"37":{"start":{"line":91,"column":2},"end":{"line":101,"column":5}},"38":{"start":{"line":92,"column":17},"end":{"line":94,"column":5}},"39":{"start":{"line":95,"column":4},"end":{"line":100,"column":7}},"40":{"start":{"line":96,"column":6},"end":{"line":96,"column":34}},"41":{"start":{"line":97,"column":6},"end":{"line":97,"column":37}},"42":{"start":{"line":98,"column":6},"end":{"line":98,"column":46}},"43":{"start":{"line":99,"column":6},"end":{"line":99,"column":13}},"44":{"start":{"line":102,"column":2},"end":{"line":110,"column":5}},"45":{"start":{"line":103,"column":17},"end":{"line":103,"column":19}},"46":{"start":{"line":104,"column":4},"end":{"line":109,"column":7}},"47":{"start":{"line":105,"column":6},"end":{"line":105,"column":34}},"48":{"start":{"line":106,"column":6},"end":{"line":106,"column":37}},"49":{"start":{"line":107,"column":6},"end":{"line":107,"column":46}},"50":{"start":{"line":108,"column":6},"end":{"line":108,"column":13}},"51":{"start":{"line":111,"column":2},"end":{"line":118,"column":5}},"52":{"start":{"line":112,"column":4},"end":{"line":117,"column":7}},"53":{"start":{"line":113,"column":6},"end":{"line":113,"column":34}},"54":{"start":{"line":114,"column":6},"end":{"line":114,"column":37}},"55":{"start":{"line":115,"column":6},"end":{"line":115,"column":44}},"56":{"start":{"line":116,"column":6},"end":{"line":116,"column":13}},"57":{"start":{"line":119,"column":2},"end":{"line":130,"column":5}},"58":{"start":{"line":120,"column":17},"end":{"line":124,"column":5}},"59":{"start":{"line":125,"column":4},"end":{"line":129,"column":7}},"60":{"start":{"line":126,"column":6},"end":{"line":126,"column":45}},"61":{"start":{"line":127,"column":6},"end":{"line":127,"column":34}},"62":{"start":{"line":128,"column":6},"end":{"line":128,"column":13}},"63":{"start":{"line":131,"column":2},"end":{"line":141,"column":5}},"64":{"start":{"line":132,"column":17},"end":{"line":135,"column":5}},"65":{"start":{"line":136,"column":4},"end":{"line":140,"column":7}},"66":{"start":{"line":137,"column":6},"end":{"line":137,"column":44}},"67":{"start":{"line":138,"column":6},"end":{"line":138,"column":34}},"68":{"start":{"line":139,"column":6},"end":{"line":139,"column":13}},"69":{"start":{"line":142,"column":2},"end":{"line":153,"column":5}},"70":{"start":{"line":143,"column":17},"end":{"line":147,"column":5}},"71":{"start":{"line":148,"column":4},"end":{"line":152,"column":7}},"72":{"start":{"line":149,"column":6},"end":{"line":149,"column":45}},"73":{"start":{"line":150,"column":6},"end":{"line":150,"column":34}},"74":{"start":{"line":151,"column":6},"end":{"line":151,"column":13}}},"fnMap":{"0":{"name":"_interopRequireDefault","decl":{"start":{"line":5,"column":9},"end":{"line":5,"column":31}},"loc":{"start":{"line":5,"column":37},"end":{"line":5,"column":95}},"line":5},"1":{"name":"(anonymous_1)","decl":{"start":{"line":18,"column":30},"end":{"line":18,"column":31}},"loc":{"start":{"line":18,"column":36},"end":{"line":171,"column":1}},"line":18},"2":{"name":"(anonymous_2)","decl":{"start":{"line":53,"column":42},"end":{"line":53,"column":43}},"loc":{"start":{"line":53,"column":50},"end":{"line":61,"column":3}},"line":53},"3":{"name":"(anonymous_3)","decl":{"start":{"line":54,"column":85},"end":{"line":54,"column":86}},"loc":{"start":{"line":54,"column":99},"end":{"line":60,"column":5}},"line":54},"4":{"name":"(anonymous_4)","decl":{"start":{"line":62,"column":36},"end":{"line":62,"column":37}},"loc":{"start":{"line":62,"column":44},"end":{"line":68,"column":3}},"line":62},"5":{"name":"(anonymous_5)","decl":{"start":{"line":63,"column":87},"end":{"line":63,"column":88}},"loc":{"start":{"line":63,"column":101},"end":{"line":67,"column":5}},"line":63},"6":{"name":"(anonymous_6)","decl":{"start":{"line":69,"column":45},"end":{"line":69,"column":46}},"loc":{"start":{"line":69,"column":53},"end":{"line":75,"column":3}},"line":69},"7":{"name":"(anonymous_7)","decl":{"start":{"line":70,"column":88},"end":{"line":70,"column":89}},"loc":{"start":{"line":70,"column":102},"end":{"line":74,"column":5}},"line":70},"8":{"name":"(anonymous_8)","decl":{"start":{"line":76,"column":62},"end":{"line":76,"column":63}},"loc":{"start":{"line":76,"column":70},"end":{"line":82,"column":3}},"line":76},"9":{"name":"(anonymous_9)","decl":{"start":{"line":77,"column":89},"end":{"line":77,"column":90}},"loc":{"start":{"line":77,"column":103},"end":{"line":81,"column":5}},"line":77},"10":{"name":"(anonymous_10)","decl":{"start":{"line":83,"column":72},"end":{"line":83,"column":73}},"loc":{"start":{"line":83,"column":80},"end":{"line":90,"column":3}},"line":83},"11":{"name":"(anonymous_11)","decl":{"start":{"line":84,"column":110},"end":{"line":84,"column":111}},"loc":{"start":{"line":84,"column":124},"end":{"line":89,"column":5}},"line":84},"12":{"name":"(anonymous_12)","decl":{"start":{"line":91,"column":72},"end":{"line":91,"column":73}},"loc":{"start":{"line":91,"column":80},"end":{"line":101,"column":3}},"line":91},"13":{"name":"(anonymous_13)","decl":{"start":{"line":95,"column":98},"end":{"line":95,"column":99}},"loc":{"start":{"line":95,"column":112},"end":{"line":100,"column":5}},"line":95},"14":{"name":"(anonymous_14)","decl":{"start":{"line":102,"column":41},"end":{"line":102,"column":42}},"loc":{"start":{"line":102,"column":49},"end":{"line":110,"column":3}},"line":102},"15":{"name":"(anonymous_15)","decl":{"start":{"line":104,"column":98},"end":{"line":104,"column":99}},"loc":{"start":{"line":104,"column":112},"end":{"line":109,"column":5}},"line":104},"16":{"name":"(anonymous_16)","decl":{"start":{"line":111,"column":30},"end":{"line":111,"column":31}},"loc":{"start":{"line":111,"column":38},"end":{"line":118,"column":3}},"line":111},"17":{"name":"(anonymous_17)","decl":{"start":{"line":112,"column":107},"end":{"line":112,"column":108}},"loc":{"start":{"line":112,"column":121},"end":{"line":117,"column":5}},"line":112},"18":{"name":"(anonymous_18)","decl":{"start":{"line":119,"column":53},"end":{"line":119,"column":54}},"loc":{"start":{"line":119,"column":61},"end":{"line":130,"column":3}},"line":119},"19":{"name":"(anonymous_19)","decl":{"start":{"line":125,"column":100},"end":{"line":125,"column":101}},"loc":{"start":{"line":125,"column":114},"end":{"line":129,"column":5}},"line":125},"20":{"name":"(anonymous_20)","decl":{"start":{"line":131,"column":46},"end":{"line":131,"column":47}},"loc":{"start":{"line":131,"column":54},"end":{"line":141,"column":3}},"line":131},"21":{"name":"(anonymous_21)","decl":{"start":{"line":136,"column":99},"end":{"line":136,"column":100}},"loc":{"start":{"line":136,"column":113},"end":{"line":140,"column":5}},"line":136},"22":{"name":"(anonymous_22)","decl":{"start":{"line":142,"column":37},"end":{"line":142,"column":38}},"loc":{"start":{"line":142,"column":45},"end":{"line":153,"column":3}},"line":142},"23":{"name":"(anonymous_23)","decl":{"start":{"line":148,"column":71},"end":{"line":148,"column":72}},"loc":{"start":{"line":148,"column":85},"end":{"line":152,"column":5}},"line":148}},"branchMap":{"0":{"loc":{"start":{"line":5,"column":46},"end":{"line":5,"column":92}},"type":"cond-expr","locations":[{"start":{"line":5,"column":70},"end":{"line":5,"column":73}},{"start":{"line":5,"column":76},"end":{"line":5,"column":92}}],"line":5},"1":{"loc":{"start":{"line":5,"column":46},"end":{"line":5,"column":67}},"type":"binary-expr","locations":[{"start":{"line":5,"column":46},"end":{"line":5,"column":49}},{"start":{"line":5,"column":53},"end":{"line":5,"column":67}}],"line":5}},"s":{"0":1,"1":1,"2":1,"3":1,"4":1,"5":1,"6":1,"7":1,"8":1,"9":1,"10":1,"11":1,"12":1,"13":1,"14":1,"15":1,"16":1,"17":1,"18":1,"19":1,"20":1,"21":1,"22":1,"23":1,"24":1,"25":1,"26":1,"27":1,"28":1,"29":1,"30":1,"31":1,"32":1,"33":1,"34":1,"35":1,"36":1,"37":1,"38":1,"39":1,"40":1,"41":1,"42":1,"43":1,"44":1,"45":1,"46":1,"47":1,"48":1,"49":1,"50":1,"51":1,"52":1,"53":1,"54":1,"55":1,"56":1,"57":1,"58":1,"59":1,"60":1,"61":1,"62":1,"63":1,"64":1,"65":1,"66":1,"67":1,"68":1,"69":1,"70":1,"71":1,"72":1,"73":1,"74":1},"f":{"0":1,"1":1,"2":1,"3":1,"4":1,"5":1,"6":1,"7":1,"8":1,"9":1,"10":1,"11":1,"12":1,"13":1,"14":1,"15":1,"16":1,"17":1,"18":1,"19":1,"20":1,"21":1,"22":1,"23":1},"b":{"0":[1,0],"1":[1,1]},"_coverageSchema":"43e27e138ebf9cfc5966b082cf9a028302ed4184","hash":"b9c10af420a12bd410a6b42c73a23cdbf1d15406","contentHash":"6ce5467b1b9f5388b162ad535261295cf98576f447ea5a072c2606606d7d8b17"},"C:\\Users\\Alayesanmi Femi\\ReactProjects\\ALCWithForLoop\\ALCWithForLoop\\apis\\index.js":{"path":"C:\\Users\\Alayesanmi Femi\\ReactProjects\\ALCWithForLoop\\ALCWithForLoop\\apis\\index.js","statementMap":{"0":{"start":{"line":3,"column":0},"end":{"line":5,"column":3}},"1":{"start":{"line":6,"column":0},"end":{"line":6,"column":25}},"2":{"start":{"line":8,"column":16},"end":{"line":8,"column":34}},"3":{"start":{"line":10,"column":19},"end":{"line":10,"column":41}},"4":{"start":{"line":12,"column":19},"end":{"line":12,"column":49}},"5":{"start":{"line":14,"column":18},"end":{"line":14,"column":47}},"6":{"start":{"line":16,"column":19},"end":{"line":16,"column":49}},"7":{"start":{"line":18,"column":18},"end":{"line":18,"column":47}},"8":{"start":{"line":20,"column":12},"end":{"line":20,"column":21}},"9":{"start":{"line":22,"column":0},"end":{"line":24,"column":4}},"10":{"start":{"line":25,"column":0},"end":{"line":25,"column":27}},"11":{"start":{"line":26,"column":13},"end":{"line":26,"column":17}},"12":{"start":{"line":28,"column":0},"end":{"line":28,"column":37}},"13":{"start":{"line":29,"column":0},"end":{"line":29,"column":35}},"14":{"start":{"line":30,"column":0},"end":{"line":30,"column":37}},"15":{"start":{"line":31,"column":0},"end":{"line":31,"column":35}},"16":{"start":{"line":32,"column":0},"end":{"line":32,"column":87}},"17":{"start":{"line":32,"column":43},"end":{"line":32,"column":85}},"18":{"start":{"line":33,"column":15},"end":{"line":33,"column":18}},"19":{"start":{"line":34,"column":0},"end":{"line":34,"column":27}}},"fnMap":{"0":{"name":"(anonymous_0)","decl":{"start":{"line":32,"column":37},"end":{"line":32,"column":38}},"loc":{"start":{"line":32,"column":43},"end":{"line":32,"column":85}},"line":32}},"branchMap":{"0":{"loc":{"start":{"line":32,"column":11},"end":{"line":32,"column":35}},"type":"binary-expr","locations":[{"start":{"line":32,"column":11},"end":{"line":32,"column":27}},{"start":{"line":32,"column":31},"end":{"line":32,"column":35}}],"line":32}},"s":{"0":1,"1":1,"2":1,"3":1,"4":1,"5":1,"6":1,"7":1,"8":1,"9":1,"10":1,"11":1,"12":1,"13":1,"14":1,"15":1,"16":1,"17":1,"18":1,"19":1},"f":{"0":1},"b":{"0":[1,1]},"_coverageSchema":"43e27e138ebf9cfc5966b082cf9a028302ed4184","hash":"5375ce544d79f3280201b4770089ade005c87d71","contentHash":"661eb9b0de5a0b86f4f2ab19572aea28331bdd89aa89011bdb57e0c64ef2b4a1"},"C:\\Users\\Alayesanmi Femi\\ReactProjects\\ALCWithForLoop\\ALCWithForLoop\\apis\\routes\\mealsRoute.js":{"path":"C:\\Users\\Alayesanmi Femi\\ReactProjects\\ALCWithForLoop\\ALCWithForLoop\\apis\\routes\\mealsRoute.js","statementMap":{"0":{"start":{"line":3,"column":13},"end":{"line":3,"column":80}},"1":{"start":{"line":5,"column":17},"end":{"line":5,"column":76}},"2":{"start":{"line":7,"column":14},"end":{"line":7,"column":84}},"3":{"start":{"line":9,"column":39},"end":{"line":9,"column":93}},"4":{"start":{"line":11,"column":16},"end":{"line":11,"column":34}},"5":{"start":{"line":13,"column":15},"end":{"line":13,"column":31}},"6":{"start":{"line":14,"column":0},"end":{"line":14,"column":103}},"7":{"start":{"line":15,"column":0},"end":{"line":15,"column":106}},"8":{"start":{"line":16,"column":0},"end":{"line":16,"column":101}},"9":{"start":{"line":17,"column":0},"end":{"line":17,"column":104}},"10":{"start":{"line":18,"column":0},"end":{"line":18,"column":109}},"11":{"start":{"line":19,"column":0},"end":{"line":19,"column":24}}},"fnMap":{"0":{"name":"_interopRequireDefault","decl":{"start":{"line":9,"column":9},"end":{"line":9,"column":31}},"loc":{"start":{"line":9,"column":37},"end":{"line":9,"column":95}},"line":9}},"branchMap":{"0":{"loc":{"start":{"line":9,"column":46},"end":{"line":9,"column":92}},"type":"cond-expr","locations":[{"start":{"line":9,"column":70},"end":{"line":9,"column":73}},{"start":{"line":9,"column":76},"end":{"line":9,"column":92}}],"line":9},"1":{"loc":{"start":{"line":9,"column":46},"end":{"line":9,"column":67}},"type":"binary-expr","locations":[{"start":{"line":9,"column":46},"end":{"line":9,"column":49}},{"start":{"line":9,"column":53},"end":{"line":9,"column":67}}],"line":9}},"s":{"0":1,"1":1,"2":1,"3":3,"4":1,"5":1,"6":1,"7":1,"8":1,"9":1,"10":1,"11":1},"f":{"0":3},"b":{"0":[1,2],"1":[3,3]},"_coverageSchema":"43e27e138ebf9cfc5966b082cf9a028302ed4184","hash":"fc619ee531e9eac11b8987a378b9541e973a1834","contentHash":"8bc9d3b4983ebf5660805cc061f0570d84680c12f3c431cf250114a79accf75b"},"C:\\Users\\Alayesanmi Femi\\ReactProjects\\ALCWithForLoop\\ALCWithForLoop\\apis\\controllers\\meals.controllers.js":{"path":"C:\\Users\\Alayesanmi Femi\\ReactProjects\\ALCWithForLoop\\ALCWithForLoop\\apis\\controllers\\meals.controllers.js","statementMap":{"0":{"start":{"line":3,"column":0},"end":{"line":5,"column":3}},"1":{"start":{"line":6,"column":0},"end":{"line":6,"column":25}},"2":{"start":{"line":8,"column":20},"end":{"line":8,"column":79}},"3":{"start":{"line":10,"column":14},"end":{"line":10,"column":61}},"4":{"start":{"line":12,"column":39},"end":{"line":12,"column":93}},"5":{"start":{"line":14,"column":23},"end":{"line":183,"column":1}},"6":{"start":{"line":16,"column":4},"end":{"line":18,"column":7}},"7":{"start":{"line":22,"column":21},"end":{"line":22,"column":64}},"8":{"start":{"line":23,"column":4},"end":{"line":26,"column":7}},"9":{"start":{"line":30,"column":18},"end":{"line":30,"column":20}},"10":{"start":{"line":32,"column":4},"end":{"line":36,"column":5}},"11":{"start":{"line":33,"column":6},"end":{"line":35,"column":9}},"12":{"start":{"line":38,"column":4},"end":{"line":42,"column":5}},"13":{"start":{"line":39,"column":6},"end":{"line":41,"column":9}},"14":{"start":{"line":44,"column":4},"end":{"line":48,"column":5}},"15":{"start":{"line":45,"column":6},"end":{"line":47,"column":9}},"16":{"start":{"line":50,"column":4},"end":{"line":54,"column":5}},"17":{"start":{"line":51,"column":6},"end":{"line":53,"column":9}},"18":{"start":{"line":56,"column":4},"end":{"line":60,"column":5}},"19":{"start":{"line":57,"column":6},"end":{"line":59,"column":9}},"20":{"start":{"line":62,"column":4},"end":{"line":67,"column":5}},"21":{"start":{"line":63,"column":6},"end":{"line":66,"column":9}},"22":{"start":{"line":69,"column":20},"end":{"line":69,"column":28}},"23":{"start":{"line":70,"column":4},"end":{"line":70,"column":44}},"24":{"start":{"line":71,"column":4},"end":{"line":71,"column":29}},"25":{"start":{"line":72,"column":4},"end":{"line":72,"column":27}},"26":{"start":{"line":74,"column":24},"end":{"line":74,"column":62}},"27":{"start":{"line":76,"column":4},"end":{"line":79,"column":7}},"28":{"start":{"line":85,"column":8},"end":{"line":85,"column":18}},"29":{"start":{"line":86,"column":22},"end":{"line":86,"column":62}},"30":{"start":{"line":88,"column":4},"end":{"line":93,"column":5}},"31":{"start":{"line":89,"column":6},"end":{"line":92,"column":9}},"32":{"start":{"line":95,"column":4},"end":{"line":98,"column":7}},"33":{"start":{"line":102,"column":4},"end":{"line":147,"column":5}},"34":{"start":{"line":105,"column":10},"end":{"line":105,"column":20}},"35":{"start":{"line":106,"column":24},"end":{"line":106,"column":43}},"36":{"start":{"line":107,"column":21},"end":{"line":107,"column":23}},"37":{"start":{"line":109,"column":6},"end":{"line":140,"column":9}},"38":{"start":{"line":114,"column":8},"end":{"line":139,"column":9}},"39":{"start":{"line":115,"column":31},"end":{"line":115,"column":80}},"40":{"start":{"line":117,"column":10},"end":{"line":121,"column":11}},"41":{"start":{"line":118,"column":12},"end":{"line":120,"column":15}},"42":{"start":{"line":123,"column":29},"end":{"line":123,"column":84}},"43":{"start":{"line":125,"column":10},"end":{"line":129,"column":11}},"44":{"start":{"line":126,"column":12},"end":{"line":128,"column":15}},"45":{"start":{"line":131,"column":10},"end":{"line":134,"column":13}},"46":{"start":{"line":136,"column":10},"end":{"line":138,"column":13}},"47":{"start":{"line":142,"column":6},"end":{"line":142,"column":22}},"48":{"start":{"line":144,"column":6},"end":{"line":146,"column":9}},"49":{"start":{"line":151,"column":4},"end":{"line":180,"column":5}},"50":{"start":{"line":154,"column":10},"end":{"line":154,"column":20}},"51":{"start":{"line":155,"column":21},"end":{"line":155,"column":23}},"52":{"start":{"line":157,"column":6},"end":{"line":173,"column":9}},"53":{"start":{"line":162,"column":8},"end":{"line":172,"column":9}},"54":{"start":{"line":163,"column":29},"end":{"line":163,"column":77}},"55":{"start":{"line":165,"column":10},"end":{"line":167,"column":13}},"56":{"start":{"line":169,"column":10},"end":{"line":171,"column":13}},"57":{"start":{"line":175,"column":6},"end":{"line":175,"column":22}},"58":{"start":{"line":177,"column":6},"end":{"line":179,"column":9}},"59":{"start":{"line":184,"column":15},"end":{"line":184,"column":29}},"60":{"start":{"line":185,"column":0},"end":{"line":185,"column":27}}},"fnMap":{"0":{"name":"_interopRequireDefault","decl":{"start":{"line":12,"column":9},"end":{"line":12,"column":31}},"loc":{"start":{"line":12,"column":37},"end":{"line":12,"column":95}},"line":12},"1":{"name":"(anonymous_1)","decl":{"start":{"line":15,"column":2},"end":{"line":15,"column":3}},"loc":{"start":{"line":15,"column":23},"end":{"line":19,"column":3}},"line":15},"2":{"name":"(anonymous_2)","decl":{"start":{"line":21,"column":2},"end":{"line":21,"column":3}},"loc":{"start":{"line":21,"column":32},"end":{"line":27,"column":3}},"line":21},"3":{"name":"(anonymous_3)","decl":{"start":{"line":29,"column":2},"end":{"line":29,"column":3}},"loc":{"start":{"line":29,"column":27},"end":{"line":80,"column":3}},"line":29},"4":{"name":"(anonymous_4)","decl":{"start":{"line":82,"column":2},"end":{"line":82,"column":3}},"loc":{"start":{"line":82,"column":32},"end":{"line":99,"column":3}},"line":82},"5":{"name":"(anonymous_5)","decl":{"start":{"line":101,"column":2},"end":{"line":101,"column":3}},"loc":{"start":{"line":101,"column":22},"end":{"line":148,"column":3}},"line":101},"6":{"name":"(anonymous_6)","decl":{"start":{"line":113,"column":14},"end":{"line":113,"column":15}},"loc":{"start":{"line":113,"column":23},"end":{"line":140,"column":7}},"line":113},"7":{"name":"(anonymous_7)","decl":{"start":{"line":150,"column":2},"end":{"line":150,"column":3}},"loc":{"start":{"line":150,"column":24},"end":{"line":181,"column":3}},"line":150},"8":{"name":"(anonymous_8)","decl":{"start":{"line":161,"column":14},"end":{"line":161,"column":15}},"loc":{"start":{"line":161,"column":23},"end":{"line":173,"column":7}},"line":161}},"branchMap":{"0":{"loc":{"start":{"line":12,"column":46},"end":{"line":12,"column":92}},"type":"cond-expr","locations":[{"start":{"line":12,"column":70},"end":{"line":12,"column":73}},{"start":{"line":12,"column":76},"end":{"line":12,"column":92}}],"line":12},"1":{"loc":{"start":{"line":12,"column":46},"end":{"line":12,"column":67}},"type":"binary-expr","locations":[{"start":{"line":12,"column":46},"end":{"line":12,"column":49}},{"start":{"line":12,"column":53},"end":{"line":12,"column":67}}],"line":12},"2":{"loc":{"start":{"line":32,"column":4},"end":{"line":36,"column":5}},"type":"if","locations":[{"start":{"line":32,"column":4},"end":{"line":36,"column":5}},{"start":{"line":32,"column":4},"end":{"line":36,"column":5}}],"line":32},"3":{"loc":{"start":{"line":38,"column":4},"end":{"line":42,"column":5}},"type":"if","locations":[{"start":{"line":38,"column":4},"end":{"line":42,"column":5}},{"start":{"line":38,"column":4},"end":{"line":42,"column":5}}],"line":38},"4":{"loc":{"start":{"line":44,"column":4},"end":{"line":48,"column":5}},"type":"if","locations":[{"start":{"line":44,"column":4},"end":{"line":48,"column":5}},{"start":{"line":44,"column":4},"end":{"line":48,"column":5}}],"line":44},"5":{"loc":{"start":{"line":50,"column":4},"end":{"line":54,"column":5}},"type":"if","locations":[{"start":{"line":50,"column":4},"end":{"line":54,"column":5}},{"start":{"line":50,"column":4},"end":{"line":54,"column":5}}],"line":50},"6":{"loc":{"start":{"line":56,"column":4},"end":{"line":60,"column":5}},"type":"if","locations":[{"start":{"line":56,"column":4},"end":{"line":60,"column":5}},{"start":{"line":56,"column":4},"end":{"line":60,"column":5}}],"line":56},"7":{"loc":{"start":{"line":62,"column":4},"end":{"line":67,"column":5}},"type":"if","locations":[{"start":{"line":62,"column":4},"end":{"line":67,"column":5}},{"start":{"line":62,"column":4},"end":{"line":67,"column":5}}],"line":62},"8":{"loc":{"start":{"line":88,"column":4},"end":{"line":93,"column":5}},"type":"if","locations":[{"start":{"line":88,"column":4},"end":{"line":93,"column":5}},{"start":{"line":88,"column":4},"end":{"line":93,"column":5}}],"line":88},"9":{"loc":{"start":{"line":114,"column":8},"end":{"line":139,"column":9}},"type":"if","locations":[{"start":{"line":114,"column":8},"end":{"line":139,"column":9}},{"start":{"line":114,"column":8},"end":{"line":139,"column":9}}],"line":114},"10":{"loc":{"start":{"line":117,"column":10},"end":{"line":121,"column":11}},"type":"if","locations":[{"start":{"line":117,"column":10},"end":{"line":121,"column":11}},{"start":{"line":117,"column":10},"end":{"line":121,"column":11}}],"line":117},"11":{"loc":{"start":{"line":125,"column":10},"end":{"line":129,"column":11}},"type":"if","locations":[{"start":{"line":125,"column":10},"end":{"line":129,"column":11}},{"start":{"line":125,"column":10},"end":{"line":129,"column":11}}],"line":125},"12":{"loc":{"start":{"line":162,"column":8},"end":{"line":172,"column":9}},"type":"if","locations":[{"start":{"line":162,"column":8},"end":{"line":172,"column":9}},{"start":{"line":162,"column":8},"end":{"line":172,"column":9}}],"line":162}},"s":{"0":1,"1":1,"2":1,"3":1,"4":2,"5":1,"6":0,"7":1,"8":1,"9":4,"10":4,"11":0,"12":4,"13":1,"14":4,"15":3,"16":4,"17":2,"18":4,"19":3,"20":4,"21":3,"22":1,"23":1,"24":1,"25":1,"26":1,"27":1,"28":2,"29":2,"30":2,"31":1,"32":1,"33":2,"34":2,"35":2,"36":2,"37":2,"38":2,"39":1,"40":1,"41":0,"42":1,"43":1,"44":0,"45":1,"46":1,"47":2,"48":0,"49":0,"50":0,"51":0,"52":0,"53":0,"54":0,"55":0,"56":0,"57":0,"58":0,"59":1,"60":1},"f":{"0":2,"1":0,"2":1,"3":4,"4":2,"5":2,"6":2,"7":0,"8":0},"b":{"0":[1,1],"1":[2,2],"2":[0,4],"3":[1,3],"4":[3,1],"5":[2,2],"6":[3,1],"7":[3,1],"8":[1,1],"9":[1,1],"10":[0,1],"11":[0,1],"12":[0,0]},"_coverageSchema":"43e27e138ebf9cfc5966b082cf9a028302ed4184","hash":"27ce68ab2b0122313441b4566750b2605e63ef13","contentHash":"c3ff0dc78d304c6df13aa43ba0b939734f473e921202735c70deb33c02f3f1d6"},"C:\\Users\\Alayesanmi Femi\\ReactProjects\\ALCWithForLoop\\ALCWithForLoop\\apis\\services\\MealServices.js":{"path":"C:\\Users\\Alayesanmi Femi\\ReactProjects\\ALCWithForLoop\\ALCWithForLoop\\apis\\services\\MealServices.js","statementMap":{"0":{"start":{"line":3,"column":0},"end":{"line":5,"column":3}},"1":{"start":{"line":6,"column":0},"end":{"line":6,"column":25}},"2":{"start":{"line":8,"column":14},"end":{"line":8,"column":61}},"3":{"start":{"line":10,"column":39},"end":{"line":10,"column":93}},"4":{"start":{"line":12,"column":20},"end":{"line":94,"column":1}},"5":{"start":{"line":14,"column":18},"end":{"line":16,"column":6}},"6":{"start":{"line":18,"column":4},"end":{"line":18,"column":17}},"7":{"start":{"line":22,"column":17},"end":{"line":26,"column":6}},"8":{"start":{"line":28,"column":4},"end":{"line":28,"column":16}},"9":{"start":{"line":32,"column":20},"end":{"line":32,"column":59}},"10":{"start":{"line":33,"column":4},"end":{"line":33,"column":19}},"11":{"start":{"line":37,"column":4},"end":{"line":59,"column":5}},"12":{"start":{"line":38,"column":26},"end":{"line":43,"column":8}},"13":{"start":{"line":45,"column":6},"end":{"line":50,"column":7}},"14":{"start":{"line":46,"column":20},"end":{"line":48,"column":9}},"15":{"start":{"line":49,"column":8},"end":{"line":49,"column":18}},"16":{"start":{"line":52,"column":23},"end":{"line":55,"column":7}},"17":{"start":{"line":56,"column":6},"end":{"line":56,"column":22}},"18":{"start":{"line":58,"column":6},"end":{"line":58,"column":14}},"19":{"start":{"line":63,"column":17},"end":{"line":67,"column":6}},"20":{"start":{"line":69,"column":4},"end":{"line":74,"column":5}},"21":{"start":{"line":70,"column":18},"end":{"line":72,"column":7}},"22":{"start":{"line":73,"column":6},"end":{"line":73,"column":16}},"23":{"start":{"line":76,"column":4},"end":{"line":76,"column":16}},"24":{"start":{"line":80,"column":17},"end":{"line":85,"column":6}},"25":{"start":{"line":87,"column":4},"end":{"line":89,"column":5}},"26":{"start":{"line":88,"column":6},"end":{"line":88,"column":19}},"27":{"start":{"line":91,"column":4},"end":{"line":91,"column":16}},"28":{"start":{"line":95,"column":15},"end":{"line":95,"column":26}},"29":{"start":{"line":96,"column":0},"end":{"line":96,"column":27}}},"fnMap":{"0":{"name":"_interopRequireDefault","decl":{"start":{"line":10,"column":9},"end":{"line":10,"column":31}},"loc":{"start":{"line":10,"column":37},"end":{"line":10,"column":95}},"line":10},"1":{"name":"(anonymous_1)","decl":{"start":{"line":13,"column":2},"end":{"line":13,"column":3}},"loc":{"start":{"line":13,"column":33},"end":{"line":19,"column":3}},"line":13},"2":{"name":"(anonymous_2)","decl":{"start":{"line":21,"column":2},"end":{"line":21,"column":3}},"loc":{"start":{"line":21,"column":21},"end":{"line":29,"column":3}},"line":21},"3":{"name":"(anonymous_3)","decl":{"start":{"line":31,"column":2},"end":{"line":31,"column":3}},"loc":{"start":{"line":31,"column":22},"end":{"line":34,"column":3}},"line":31},"4":{"name":"(anonymous_4)","decl":{"start":{"line":36,"column":2},"end":{"line":36,"column":3}},"loc":{"start":{"line":36,"column":38},"end":{"line":60,"column":3}},"line":36},"5":{"name":"(anonymous_5)","decl":{"start":{"line":62,"column":2},"end":{"line":62,"column":3}},"loc":{"start":{"line":62,"column":24},"end":{"line":77,"column":3}},"line":62},"6":{"name":"(anonymous_6)","decl":{"start":{"line":79,"column":2},"end":{"line":79,"column":3}},"loc":{"start":{"line":79,"column":36},"end":{"line":92,"column":3}},"line":79}},"branchMap":{"0":{"loc":{"start":{"line":10,"column":46},"end":{"line":10,"column":92}},"type":"cond-expr","locations":[{"start":{"line":10,"column":70},"end":{"line":10,"column":73}},{"start":{"line":10,"column":76},"end":{"line":10,"column":92}}],"line":10},"1":{"loc":{"start":{"line":10,"column":46},"end":{"line":10,"column":67}},"type":"binary-expr","locations":[{"start":{"line":10,"column":46},"end":{"line":10,"column":49}},{"start":{"line":10,"column":53},"end":{"line":10,"column":67}}],"line":10},"2":{"loc":{"start":{"line":45,"column":6},"end":{"line":50,"column":7}},"type":"if","locations":[{"start":{"line":45,"column":6},"end":{"line":50,"column":7}},{"start":{"line":45,"column":6},"end":{"line":50,"column":7}}],"line":45},"3":{"loc":{"start":{"line":69,"column":4},"end":{"line":74,"column":5}},"type":"if","locations":[{"start":{"line":69,"column":4},"end":{"line":74,"column":5}},{"start":{"line":69,"column":4},"end":{"line":74,"column":5}}],"line":69},"4":{"loc":{"start":{"line":87,"column":4},"end":{"line":89,"column":5}},"type":"if","locations":[{"start":{"line":87,"column":4},"end":{"line":89,"column":5}},{"start":{"line":87,"column":4},"end":{"line":89,"column":5}}],"line":87}},"s":{"0":1,"1":1,"2":1,"3":1,"4":1,"5":1,"6":1,"7":2,"8":2,"9":1,"10":1,"11":1,"12":1,"13":1,"14":0,"15":0,"16":1,"17":1,"18":0,"19":0,"20":0,"21":0,"22":0,"23":0,"24":1,"25":1,"26":0,"27":1,"28":1,"29":1},"f":{"0":1,"1":1,"2":2,"3":1,"4":1,"5":0,"6":1},"b":{"0":[0,1],"1":[1,1],"2":[0,1],"3":[0,0],"4":[0,1]},"_coverageSchema":"43e27e138ebf9cfc5966b082cf9a028302ed4184","hash":"eca5addb6e159cff36e02586ad570221608a9aad","contentHash":"77ee4360c043e1a2abd94633c87393a31ac3d88203a8312b7b404f4a543d6052"},"C:\\Users\\Alayesanmi Femi\\ReactProjects\\ALCWithForLoop\\ALCWithForLoop\\apis\\db\\models\\index.js":{"path":"C:\\Users\\Alayesanmi Femi\\ReactProjects\\ALCWithForLoop\\ALCWithForLoop\\apis\\db\\models\\index.js","statementMap":{"0":{"start":{"line":3,"column":11},"end":{"line":3,"column":24}},"1":{"start":{"line":5,"column":13},"end":{"line":5,"column":28}},"2":{"start":{"line":7,"column":18},"end":{"line":7,"column":38}},"3":{"start":{"line":9,"column":17},"end":{"line":9,"column":42}},"4":{"start":{"line":10,"column":12},"end":{"line":10,"column":49}},"5":{"start":{"line":12,"column":15},"end":{"line":12,"column":50}},"6":{"start":{"line":14,"column":11},"end":{"line":14,"column":13}},"7":{"start":{"line":17,"column":0},"end":{"line":21,"column":1}},"8":{"start":{"line":18,"column":2},"end":{"line":18,"column":74}},"9":{"start":{"line":20,"column":2},"end":{"line":20,"column":87}},"10":{"start":{"line":23,"column":0},"end":{"line":26,"column":3}},"11":{"start":{"line":23,"column":41},"end":{"line":23,"column":113}},"12":{"start":{"line":24,"column":16},"end":{"line":24,"column":60}},"13":{"start":{"line":25,"column":2},"end":{"line":25,"column":25}},"14":{"start":{"line":27,"column":0},"end":{"line":31,"column":3}},"15":{"start":{"line":28,"column":2},"end":{"line":30,"column":3}},"16":{"start":{"line":29,"column":4},"end":{"line":29,"column":32}},"17":{"start":{"line":32,"column":0},"end":{"line":32,"column":25}},"18":{"start":{"line":33,"column":0},"end":{"line":33,"column":25}},"19":{"start":{"line":34,"column":0},"end":{"line":34,"column":20}}},"fnMap":{"0":{"name":"(anonymous_0)","decl":{"start":{"line":23,"column":33},"end":{"line":23,"column":34}},"loc":{"start":{"line":23,"column":41},"end":{"line":23,"column":113}},"line":23},"1":{"name":"(anonymous_1)","decl":{"start":{"line":23,"column":123},"end":{"line":23,"column":124}},"loc":{"start":{"line":23,"column":131},"end":{"line":26,"column":1}},"line":23},"2":{"name":"(anonymous_2)","decl":{"start":{"line":27,"column":24},"end":{"line":27,"column":25}},"loc":{"start":{"line":27,"column":37},"end":{"line":31,"column":1}},"line":27}},"branchMap":{"0":{"loc":{"start":{"line":10,"column":12},"end":{"line":10,"column":49}},"type":"binary-expr","locations":[{"start":{"line":10,"column":12},"end":{"line":10,"column":32}},{"start":{"line":10,"column":36},"end":{"line":10,"column":49}}],"line":10},"1":{"loc":{"start":{"line":17,"column":0},"end":{"line":21,"column":1}},"type":"if","locations":[{"start":{"line":17,"column":0},"end":{"line":21,"column":1}},{"start":{"line":17,"column":0},"end":{"line":21,"column":1}}],"line":17},"2":{"loc":{"start":{"line":23,"column":41},"end":{"line":23,"column":113}},"type":"binary-expr","locations":[{"start":{"line":23,"column":41},"end":{"line":23,"column":64}},{"start":{"line":23,"column":68},"end":{"line":23,"column":85}},{"start":{"line":23,"column":89},"end":{"line":23,"column":113}}],"line":23},"3":{"loc":{"start":{"line":28,"column":2},"end":{"line":30,"column":3}},"type":"if","locations":[{"start":{"line":28,"column":2},"end":{"line":30,"column":3}},{"start":{"line":28,"column":2},"end":{"line":30,"column":3}}],"line":28}},"s":{"0":1,"1":1,"2":1,"3":1,"4":1,"5":1,"6":1,"7":1,"8":0,"9":1,"10":1,"11":5,"12":4,"13":4,"14":1,"15":4,"16":4,"17":1,"18":1,"19":1},"f":{"0":5,"1":4,"2":4},"b":{"0":[1,1],"1":[0,1],"2":[5,5,4],"3":[4,0]},"_coverageSchema":"43e27e138ebf9cfc5966b082cf9a028302ed4184","hash":"b2694b1980879535d33b0d549b3a65d633ea4c75","contentHash":"22d9870588294bc93bf912ec717608fe1654281636aa55cf1cedbe598476e82c"},"C:\\Users\\Alayesanmi Femi\\ReactProjects\\ALCWithForLoop\\ALCWithForLoop\\apis\\config\\config.js":{"path":"C:\\Users\\Alayesanmi Femi\\ReactProjects\\ALCWithForLoop\\ALCWithForLoop\\apis\\config\\config.js","statementMap":{"0":{"start":{"line":3,"column":0},"end":{"line":3,"column":27}},"1":{"start":{"line":5,"column":0},"end":{"line":56,"column":2}}},"fnMap":{},"branchMap":{},"s":{"0":1,"1":1},"f":{},"b":{},"_coverageSchema":"43e27e138ebf9cfc5966b082cf9a028302ed4184","hash":"474aef75cf318000f10818fc051b018e24fd5423","contentHash":"13b87a7fdf59a68ad7a285cb63d5f02fb0818469a5a63f4cb643551320f4d76b"},"C:\\Users\\Alayesanmi Femi\\ReactProjects\\ALCWithForLoop\\ALCWithForLoop\\apis\\db\\models\\meal.js":{"path":"C:\\Users\\Alayesanmi Femi\\ReactProjects\\ALCWithForLoop\\ALCWithForLoop\\apis\\db\\models\\meal.js","statementMap":{"0":{"start":{"line":3,"column":0},"end":{"line":25,"column":2}},"1":{"start":{"line":4,"column":15},"end":{"line":11,"column":8}},"2":{"start":{"line":13,"column":2},"end":{"line":22,"column":4}},"3":{"start":{"line":14,"column":4},"end":{"line":17,"column":7}},"4":{"start":{"line":18,"column":4},"end":{"line":21,"column":7}},"5":{"start":{"line":24,"column":2},"end":{"line":24,"column":14}}},"fnMap":{"0":{"name":"(anonymous_0)","decl":{"start":{"line":3,"column":17},"end":{"line":3,"column":18}},"loc":{"start":{"line":3,"column":43},"end":{"line":25,"column":1}},"line":3},"1":{"name":"(anonymous_1)","decl":{"start":{"line":13,"column":19},"end":{"line":13,"column":20}},"loc":{"start":{"line":13,"column":29},"end":{"line":22,"column":3}},"line":13}},"branchMap":{},"s":{"0":1,"1":1,"2":1,"3":1,"4":1,"5":1},"f":{"0":1,"1":1},"b":{},"_coverageSchema":"43e27e138ebf9cfc5966b082cf9a028302ed4184","hash":"f464212a6d56b0ebb1adf2c90b2ca6f4b5ab3861","contentHash":"4dae70415d96808877d205dd738c56c7acfcd04eb19a15df2e217af4f53eac11"},"C:\\Users\\Alayesanmi Femi\\ReactProjects\\ALCWithForLoop\\ALCWithForLoop\\apis\\db\\models\\order.js":{"path":"C:\\Users\\Alayesanmi Femi\\ReactProjects\\ALCWithForLoop\\ALCWithForLoop\\apis\\db\\models\\order.js","statementMap":{"0":{"start":{"line":3,"column":0},"end":{"line":32,"column":2}},"1":{"start":{"line":4,"column":16},"end":{"line":14,"column":8}},"2":{"start":{"line":16,"column":2},"end":{"line":29,"column":4}},"3":{"start":{"line":17,"column":4},"end":{"line":20,"column":7}},"4":{"start":{"line":21,"column":4},"end":{"line":24,"column":7}},"5":{"start":{"line":25,"column":4},"end":{"line":28,"column":7}},"6":{"start":{"line":31,"column":2},"end":{"line":31,"column":15}}},"fnMap":{"0":{"name":"(anonymous_0)","decl":{"start":{"line":3,"column":17},"end":{"line":3,"column":18}},"loc":{"start":{"line":3,"column":43},"end":{"line":32,"column":1}},"line":3},"1":{"name":"(anonymous_1)","decl":{"start":{"line":16,"column":20},"end":{"line":16,"column":21}},"loc":{"start":{"line":16,"column":30},"end":{"line":29,"column":3}},"line":16}},"branchMap":{},"s":{"0":1,"1":1,"2":1,"3":1,"4":1,"5":1,"6":1},"f":{"0":1,"1":1},"b":{},"_coverageSchema":"43e27e138ebf9cfc5966b082cf9a028302ed4184","hash":"c8fe6ba4ac56b9d451580eafe0bcb265ca7846c5","contentHash":"f88dcf0334b7339d7c50ff8bd95a1a770c09e9604a1aed3d64e6b64a5695eac3"},"C:\\Users\\Alayesanmi Femi\\ReactProjects\\ALCWithForLoop\\ALCWithForLoop\\apis\\db\\models\\role.js":{"path":"C:\\Users\\Alayesanmi Femi\\ReactProjects\\ALCWithForLoop\\ALCWithForLoop\\apis\\db\\models\\role.js","statementMap":{"0":{"start":{"line":3,"column":0},"end":{"line":29,"column":2}},"1":{"start":{"line":4,"column":15},"end":{"line":19,"column":8}},"2":{"start":{"line":21,"column":2},"end":{"line":26,"column":4}},"3":{"start":{"line":22,"column":4},"end":{"line":25,"column":7}},"4":{"start":{"line":28,"column":2},"end":{"line":28,"column":14}}},"fnMap":{"0":{"name":"(anonymous_0)","decl":{"start":{"line":3,"column":17},"end":{"line":3,"column":18}},"loc":{"start":{"line":3,"column":43},"end":{"line":29,"column":1}},"line":3},"1":{"name":"(anonymous_1)","decl":{"start":{"line":21,"column":19},"end":{"line":21,"column":20}},"loc":{"start":{"line":21,"column":29},"end":{"line":26,"column":3}},"line":21}},"branchMap":{},"s":{"0":1,"1":1,"2":1,"3":1,"4":1},"f":{"0":1,"1":1},"b":{},"_coverageSchema":"43e27e138ebf9cfc5966b082cf9a028302ed4184","hash":"2fc3abe2b89b151152888bdc6286eeadfd96ce47","contentHash":"407c39274b6c75da9126c003393df233e3ede341dd537d6f791811cb61f1eb89"},"C:\\Users\\Alayesanmi Femi\\ReactProjects\\ALCWithForLoop\\ALCWithForLoop\\apis\\db\\models\\user.js":{"path":"C:\\Users\\Alayesanmi Femi\\ReactProjects\\ALCWithForLoop\\ALCWithForLoop\\apis\\db\\models\\user.js","statementMap":{"0":{"start":{"line":3,"column":0},"end":{"line":39,"column":2}},"1":{"start":{"line":4,"column":15},"end":{"line":25,"column":8}},"2":{"start":{"line":27,"column":2},"end":{"line":36,"column":4}},"3":{"start":{"line":28,"column":4},"end":{"line":31,"column":7}},"4":{"start":{"line":32,"column":4},"end":{"line":35,"column":7}},"5":{"start":{"line":38,"column":2},"end":{"line":38,"column":14}}},"fnMap":{"0":{"name":"(anonymous_0)","decl":{"start":{"line":3,"column":17},"end":{"line":3,"column":18}},"loc":{"start":{"line":3,"column":43},"end":{"line":39,"column":1}},"line":3},"1":{"name":"(anonymous_1)","decl":{"start":{"line":27,"column":19},"end":{"line":27,"column":20}},"loc":{"start":{"line":27,"column":29},"end":{"line":36,"column":3}},"line":27}},"branchMap":{},"s":{"0":1,"1":1,"2":1,"3":1,"4":1,"5":1},"f":{"0":1,"1":1},"b":{},"_coverageSchema":"43e27e138ebf9cfc5966b082cf9a028302ed4184","hash":"54b2e846ee40ab730880c06d9cafc826e945d55a","contentHash":"d789e93c20fbeba746127d6a54d8a0cb4f65dc8475a0d03ee95dbc23f3bf6984"},"C:\\Users\\Alayesanmi Femi\\ReactProjects\\ALCWithForLoop\\ALCWithForLoop\\apis\\middlewares\\checkAuth.js":{"path":"C:\\Users\\Alayesanmi Femi\\ReactProjects\\ALCWithForLoop\\ALCWithForLoop\\apis\\middlewares\\checkAuth.js","statementMap":{"0":{"start":{"line":3,"column":20},"end":{"line":3,"column":67}},"1":{"start":{"line":5,"column":12},"end":{"line":5,"column":61}},"2":{"start":{"line":7,"column":39},"end":{"line":7,"column":93}},"3":{"start":{"line":9,"column":12},"end":{"line":9,"column":14}},"4":{"start":{"line":11,"column":0},"end":{"line":36,"column":2}},"5":{"start":{"line":12,"column":20},"end":{"line":12,"column":144}},"6":{"start":{"line":14,"column":2},"end":{"line":35,"column":3}},"7":{"start":{"line":15,"column":18},"end":{"line":15,"column":41}},"8":{"start":{"line":17,"column":4},"end":{"line":21,"column":5}},"9":{"start":{"line":18,"column":6},"end":{"line":20,"column":9}},"10":{"start":{"line":23,"column":4},"end":{"line":30,"column":7}},"11":{"start":{"line":24,"column":6},"end":{"line":26,"column":7}},"12":{"start":{"line":25,"column":8},"end":{"line":25,"column":46}},"13":{"start":{"line":28,"column":6},"end":{"line":28,"column":33}},"14":{"start":{"line":29,"column":6},"end":{"line":29,"column":13}},"15":{"start":{"line":32,"column":4},"end":{"line":34,"column":7}},"16":{"start":{"line":38,"column":0},"end":{"line":38,"column":21}}},"fnMap":{"0":{"name":"_interopRequireDefault","decl":{"start":{"line":7,"column":9},"end":{"line":7,"column":31}},"loc":{"start":{"line":7,"column":37},"end":{"line":7,"column":95}},"line":7},"1":{"name":"(anonymous_1)","decl":{"start":{"line":11,"column":18},"end":{"line":11,"column":19}},"loc":{"start":{"line":11,"column":38},"end":{"line":36,"column":1}},"line":11},"2":{"name":"(anonymous_2)","decl":{"start":{"line":23,"column":67},"end":{"line":23,"column":68}},"loc":{"start":{"line":23,"column":87},"end":{"line":30,"column":5}},"line":23}},"branchMap":{"0":{"loc":{"start":{"line":7,"column":46},"end":{"line":7,"column":92}},"type":"cond-expr","locations":[{"start":{"line":7,"column":70},"end":{"line":7,"column":73}},{"start":{"line":7,"column":76},"end":{"line":7,"column":92}}],"line":7},"1":{"loc":{"start":{"line":7,"column":46},"end":{"line":7,"column":67}},"type":"binary-expr","locations":[{"start":{"line":7,"column":46},"end":{"line":7,"column":49}},{"start":{"line":7,"column":53},"end":{"line":7,"column":67}}],"line":7},"2":{"loc":{"start":{"line":12,"column":20},"end":{"line":12,"column":144}},"type":"binary-expr","locations":[{"start":{"line":12,"column":20},"end":{"line":12,"column":34}},{"start":{"line":12,"column":38},"end":{"line":12,"column":53}},{"start":{"line":12,"column":57},"end":{"line":12,"column":86}},{"start":{"line":12,"column":90},"end":{"line":12,"column":115}},{"start":{"line":12,"column":119},"end":{"line":12,"column":144}}],"line":12},"3":{"loc":{"start":{"line":14,"column":2},"end":{"line":35,"column":3}},"type":"if","locations":[{"start":{"line":14,"column":2},"end":{"line":35,"column":3}},{"start":{"line":14,"column":2},"end":{"line":35,"column":3}}],"line":14},"4":{"loc":{"start":{"line":17,"column":4},"end":{"line":21,"column":5}},"type":"if","locations":[{"start":{"line":17,"column":4},"end":{"line":21,"column":5}},{"start":{"line":17,"column":4},"end":{"line":21,"column":5}}],"line":17},"5":{"loc":{"start":{"line":24,"column":6},"end":{"line":26,"column":7}},"type":"if","locations":[{"start":{"line":24,"column":6},"end":{"line":26,"column":7}},{"start":{"line":24,"column":6},"end":{"line":26,"column":7}}],"line":24}},"s":{"0":1,"1":1,"2":2,"3":1,"4":1,"5":21,"6":21,"7":20,"8":20,"9":0,"10":20,"11":20,"12":0,"13":20,"14":20,"15":1,"16":1},"f":{"0":2,"1":21,"2":20},"b":{"0":[0,2],"1":[2,2],"2":[21,21,21,21,21],"3":[20,1],"4":[0,20],"5":[0,20]},"_coverageSchema":"43e27e138ebf9cfc5966b082cf9a028302ed4184","hash":"b8002220cd3980fc4d7908a2fbbc785fdba6bd21","contentHash":"803a91e82de2dd1e82a2b4688d27d19785474da2fd53b4919c5ff16e0086f2e6"},"C:\\Users\\Alayesanmi Femi\\ReactProjects\\ALCWithForLoop\\ALCWithForLoop\\apis\\config\\keys.js":{"path":"C:\\Users\\Alayesanmi Femi\\ReactProjects\\ALCWithForLoop\\ALCWithForLoop\\apis\\config\\keys.js","statementMap":{"0":{"start":{"line":3,"column":0},"end":{"line":3,"column":27}},"1":{"start":{"line":5,"column":0},"end":{"line":7,"column":2}}},"fnMap":{},"branchMap":{},"s":{"0":1,"1":1},"f":{},"b":{},"_coverageSchema":"43e27e138ebf9cfc5966b082cf9a028302ed4184","hash":"f639a7b5bee0464face77a4bbd54028827d3b379","contentHash":"41d781fe4550a0fbd3073476d9890a55f45a21256718be1c0ce9f9714180aea3"},"C:\\Users\\Alayesanmi Femi\\ReactProjects\\ALCWithForLoop\\ALCWithForLoop\\apis\\middlewares\\permissionAuth\\meals.js":{"path":"C:\\Users\\Alayesanmi Femi\\ReactProjects\\ALCWithForLoop\\ALCWithForLoop\\apis\\middlewares\\permissionAuth\\meals.js","statementMap":{"0":{"start":{"line":3,"column":18},"end":{"line":3,"column":76}},"1":{"start":{"line":5,"column":39},"end":{"line":5,"column":93}},"2":{"start":{"line":9,"column":25},"end":{"line":48,"column":1}},"3":{"start":{"line":11,"column":4},"end":{"line":15,"column":5}},"4":{"start":{"line":12,"column":6},"end":{"line":14,"column":9}},"5":{"start":{"line":17,"column":27},"end":{"line":17,"column":54}},"6":{"start":{"line":18,"column":20},"end":{"line":18,"column":129}},"7":{"start":{"line":20,"column":4},"end":{"line":24,"column":5}},"8":{"start":{"line":21,"column":6},"end":{"line":23,"column":9}},"9":{"start":{"line":26,"column":4},"end":{"line":26,"column":11}},"10":{"start":{"line":30,"column":4},"end":{"line":34,"column":5}},"11":{"start":{"line":31,"column":6},"end":{"line":33,"column":9}},"12":{"start":{"line":36,"column":27},"end":{"line":36,"column":54}},"13":{"start":{"line":37,"column":20},"end":{"line":37,"column":130}},"14":{"start":{"line":39,"column":4},"end":{"line":43,"column":5}},"15":{"start":{"line":40,"column":6},"end":{"line":42,"column":9}},"16":{"start":{"line":45,"column":4},"end":{"line":45,"column":11}},"17":{"start":{"line":49,"column":0},"end":{"line":49,"column":34}}},"fnMap":{"0":{"name":"_interopRequireDefault","decl":{"start":{"line":5,"column":9},"end":{"line":5,"column":31}},"loc":{"start":{"line":5,"column":37},"end":{"line":5,"column":95}},"line":5},"1":{"name":"(anonymous_1)","decl":{"start":{"line":10,"column":2},"end":{"line":10,"column":3}},"loc":{"start":{"line":10,"column":26},"end":{"line":27,"column":3}},"line":10},"2":{"name":"(anonymous_2)","decl":{"start":{"line":29,"column":2},"end":{"line":29,"column":3}},"loc":{"start":{"line":29,"column":28},"end":{"line":46,"column":3}},"line":29}},"branchMap":{"0":{"loc":{"start":{"line":5,"column":46},"end":{"line":5,"column":92}},"type":"cond-expr","locations":[{"start":{"line":5,"column":70},"end":{"line":5,"column":73}},{"start":{"line":5,"column":76},"end":{"line":5,"column":92}}],"line":5},"1":{"loc":{"start":{"line":5,"column":46},"end":{"line":5,"column":67}},"type":"binary-expr","locations":[{"start":{"line":5,"column":46},"end":{"line":5,"column":49}},{"start":{"line":5,"column":53},"end":{"line":5,"column":67}}],"line":5},"2":{"loc":{"start":{"line":11,"column":4},"end":{"line":15,"column":5}},"type":"if","locations":[{"start":{"line":11,"column":4},"end":{"line":15,"column":5}},{"start":{"line":11,"column":4},"end":{"line":15,"column":5}}],"line":11},"3":{"loc":{"start":{"line":18,"column":20},"end":{"line":18,"column":129}},"type":"binary-expr","locations":[{"start":{"line":18,"column":20},"end":{"line":18,"column":71}},{"start":{"line":18,"column":75},"end":{"line":18,"column":129}}],"line":18},"4":{"loc":{"start":{"line":20,"column":4},"end":{"line":24,"column":5}},"type":"if","locations":[{"start":{"line":20,"column":4},"end":{"line":24,"column":5}},{"start":{"line":20,"column":4},"end":{"line":24,"column":5}}],"line":20},"5":{"loc":{"start":{"line":30,"column":4},"end":{"line":34,"column":5}},"type":"if","locations":[{"start":{"line":30,"column":4},"end":{"line":34,"column":5}},{"start":{"line":30,"column":4},"end":{"line":34,"column":5}}],"line":30},"6":{"loc":{"start":{"line":37,"column":20},"end":{"line":37,"column":130}},"type":"binary-expr","locations":[{"start":{"line":37,"column":20},"end":{"line":37,"column":71}},{"start":{"line":37,"column":75},"end":{"line":37,"column":130}}],"line":37},"7":{"loc":{"start":{"line":39,"column":4},"end":{"line":43,"column":5}},"type":"if","locations":[{"start":{"line":39,"column":4},"end":{"line":43,"column":5}},{"start":{"line":39,"column":4},"end":{"line":43,"column":5}}],"line":39}},"s":{"0":1,"1":1,"2":1,"3":3,"4":0,"5":3,"6":3,"7":3,"8":0,"9":3,"10":6,"11":0,"12":6,"13":6,"14":6,"15":0,"16":6,"17":1},"f":{"0":1,"1":3,"2":6},"b":{"0":[0,1],"1":[1,1],"2":[0,3],"3":[3,0],"4":[0,3],"5":[0,6],"6":[6,0],"7":[0,6]},"_coverageSchema":"43e27e138ebf9cfc5966b082cf9a028302ed4184","hash":"c0f4869afaea1a1a39247352fe3d9ab08b161f9f","contentHash":"b3c82e6b7ae0da42ed8efaf279f7ab0b9683d5ee57862e904fcea931e31764a4"},"C:\\Users\\Alayesanmi Femi\\ReactProjects\\ALCWithForLoop\\ALCWithForLoop\\apis\\config\\permission.js":{"path":"C:\\Users\\Alayesanmi Femi\\ReactProjects\\ALCWithForLoop\\ALCWithForLoop\\apis\\config\\permission.js","statementMap":{"0":{"start":{"line":3,"column":20},"end":{"line":13,"column":1}},"1":{"start":{"line":14,"column":0},"end":{"line":14,"column":29}}},"fnMap":{},"branchMap":{},"s":{"0":1,"1":1},"f":{},"b":{},"_coverageSchema":"43e27e138ebf9cfc5966b082cf9a028302ed4184","hash":"779695fcffbfa7de8fe0ec78d8e292c3a49e71ed","contentHash":"60b426e196271336fc259d320817fd03024e55be80ab8bd7746c3e058d8c54b0"},"C:\\Users\\Alayesanmi Femi\\ReactProjects\\ALCWithForLoop\\ALCWithForLoop\\apis\\routes\\menuRoute.js":{"path":"C:\\Users\\Alayesanmi Femi\\ReactProjects\\ALCWithForLoop\\ALCWithForLoop\\apis\\routes\\menuRoute.js","statementMap":{"0":{"start":{"line":3,"column":12},"end":{"line":3,"column":78}},"1":{"start":{"line":5,"column":17},"end":{"line":5,"column":76}},"2":{"start":{"line":7,"column":13},"end":{"line":7,"column":82}},"3":{"start":{"line":9,"column":39},"end":{"line":9,"column":93}},"4":{"start":{"line":11,"column":16},"end":{"line":11,"column":34}},"5":{"start":{"line":13,"column":15},"end":{"line":13,"column":31}},"6":{"start":{"line":14,"column":0},"end":{"line":14,"column":97}},"7":{"start":{"line":15,"column":0},"end":{"line":15,"column":106}},"8":{"start":{"line":16,"column":0},"end":{"line":16,"column":112}},"9":{"start":{"line":17,"column":0},"end":{"line":17,"column":24}}},"fnMap":{"0":{"name":"_interopRequireDefault","decl":{"start":{"line":9,"column":9},"end":{"line":9,"column":31}},"loc":{"start":{"line":9,"column":37},"end":{"line":9,"column":95}},"line":9}},"branchMap":{"0":{"loc":{"start":{"line":9,"column":46},"end":{"line":9,"column":92}},"type":"cond-expr","locations":[{"start":{"line":9,"column":70},"end":{"line":9,"column":73}},{"start":{"line":9,"column":76},"end":{"line":9,"column":92}}],"line":9},"1":{"loc":{"start":{"line":9,"column":46},"end":{"line":9,"column":67}},"type":"binary-expr","locations":[{"start":{"line":9,"column":46},"end":{"line":9,"column":49}},{"start":{"line":9,"column":53},"end":{"line":9,"column":67}}],"line":9}},"s":{"0":1,"1":1,"2":1,"3":3,"4":1,"5":1,"6":1,"7":1,"8":1,"9":1},"f":{"0":3},"b":{"0":[1,2],"1":[3,3]},"_coverageSchema":"43e27e138ebf9cfc5966b082cf9a028302ed4184","hash":"57e721cf0a6277f0e2fbd779225bfd2c3d99ac33","contentHash":"a12bea581aa8dc1f2c61d6f63bbaa7485a2478adef3a5f461923eb843218b9c3"},"C:\\Users\\Alayesanmi Femi\\ReactProjects\\ALCWithForLoop\\ALCWithForLoop\\apis\\controllers\\menu.controllers.js":{"path":"C:\\Users\\Alayesanmi Femi\\ReactProjects\\ALCWithForLoop\\ALCWithForLoop\\apis\\controllers\\menu.controllers.js","statementMap":{"0":{"start":{"line":3,"column":0},"end":{"line":5,"column":3}},"1":{"start":{"line":6,"column":0},"end":{"line":6,"column":25}},"2":{"start":{"line":8,"column":20},"end":{"line":8,"column":79}},"3":{"start":{"line":10,"column":14},"end":{"line":10,"column":61}},"4":{"start":{"line":12,"column":39},"end":{"line":12,"column":93}},"5":{"start":{"line":14,"column":23},"end":{"line":82,"column":1}},"6":{"start":{"line":17,"column":4},"end":{"line":28,"column":5}},"7":{"start":{"line":20,"column":10},"end":{"line":20,"column":18}},"8":{"start":{"line":21,"column":19},"end":{"line":21,"column":60}},"9":{"start":{"line":22,"column":6},"end":{"line":25,"column":9}},"10":{"start":{"line":27,"column":6},"end":{"line":27,"column":41}},"11":{"start":{"line":32,"column":4},"end":{"line":64,"column":5}},"12":{"start":{"line":35,"column":10},"end":{"line":35,"column":20}},"13":{"start":{"line":36,"column":21},"end":{"line":36,"column":23}},"14":{"start":{"line":38,"column":6},"end":{"line":56,"column":9}},"15":{"start":{"line":44,"column":8},"end":{"line":55,"column":9}},"16":{"start":{"line":45,"column":29},"end":{"line":45,"column":71}},"17":{"start":{"line":47,"column":10},"end":{"line":50,"column":13}},"18":{"start":{"line":52,"column":10},"end":{"line":54,"column":13}},"19":{"start":{"line":58,"column":6},"end":{"line":58,"column":22}},"20":{"start":{"line":60,"column":6},"end":{"line":63,"column":9}},"21":{"start":{"line":68,"column":4},"end":{"line":79,"column":5}},"22":{"start":{"line":69,"column":22},"end":{"line":69,"column":61}},"23":{"start":{"line":70,"column":6},"end":{"line":73,"column":9}},"24":{"start":{"line":75,"column":6},"end":{"line":78,"column":9}},"25":{"start":{"line":83,"column":15},"end":{"line":83,"column":29}},"26":{"start":{"line":84,"column":0},"end":{"line":84,"column":27}}},"fnMap":{"0":{"name":"_interopRequireDefault","decl":{"start":{"line":12,"column":9},"end":{"line":12,"column":31}},"loc":{"start":{"line":12,"column":37},"end":{"line":12,"column":95}},"line":12},"1":{"name":"(anonymous_1)","decl":{"start":{"line":15,"column":2},"end":{"line":15,"column":3}},"loc":{"start":{"line":15,"column":34},"end":{"line":29,"column":3}},"line":15},"2":{"name":"(anonymous_2)","decl":{"start":{"line":31,"column":2},"end":{"line":31,"column":3}},"loc":{"start":{"line":31,"column":35},"end":{"line":65,"column":3}},"line":31},"3":{"name":"(anonymous_3)","decl":{"start":{"line":43,"column":14},"end":{"line":43,"column":15}},"loc":{"start":{"line":43,"column":23},"end":{"line":56,"column":7}},"line":43},"4":{"name":"(anonymous_4)","decl":{"start":{"line":67,"column":2},"end":{"line":67,"column":3}},"loc":{"start":{"line":67,"column":28},"end":{"line":80,"column":3}},"line":67}},"branchMap":{"0":{"loc":{"start":{"line":12,"column":46},"end":{"line":12,"column":92}},"type":"cond-expr","locations":[{"start":{"line":12,"column":70},"end":{"line":12,"column":73}},{"start":{"line":12,"column":76},"end":{"line":12,"column":92}}],"line":12},"1":{"loc":{"start":{"line":12,"column":46},"end":{"line":12,"column":67}},"type":"binary-expr","locations":[{"start":{"line":12,"column":46},"end":{"line":12,"column":49}},{"start":{"line":12,"column":53},"end":{"line":12,"column":67}}],"line":12},"2":{"loc":{"start":{"line":44,"column":8},"end":{"line":55,"column":9}},"type":"if","locations":[{"start":{"line":44,"column":8},"end":{"line":55,"column":9}},{"start":{"line":44,"column":8},"end":{"line":55,"column":9}}],"line":44}},"s":{"0":1,"1":1,"2":1,"3":1,"4":2,"5":1,"6":3,"7":3,"8":3,"9":1,"10":2,"11":1,"12":1,"13":1,"14":1,"15":1,"16":0,"17":0,"18":1,"19":1,"20":0,"21":1,"22":1,"23":1,"24":0,"25":1,"26":1},"f":{"0":2,"1":3,"2":1,"3":1,"4":1},"b":{"0":[1,1],"1":[2,2],"2":[0,1]},"_coverageSchema":"43e27e138ebf9cfc5966b082cf9a028302ed4184","hash":"33e61cdebe4a996d5821d9bf47b06d0eb461e68e","contentHash":"2b2a995d72a3cb1e1bc070f4c4154d3097ba3f41ef3ee0fdc35e810c189544c1"},"C:\\Users\\Alayesanmi Femi\\ReactProjects\\ALCWithForLoop\\ALCWithForLoop\\apis\\services\\MenuServices.js":{"path":"C:\\Users\\Alayesanmi Femi\\ReactProjects\\ALCWithForLoop\\ALCWithForLoop\\apis\\services\\MenuServices.js","statementMap":{"0":{"start":{"line":3,"column":0},"end":{"line":5,"column":3}},"1":{"start":{"line":6,"column":0},"end":{"line":6,"column":25}},"2":{"start":{"line":8,"column":17},"end":{"line":8,"column":40}},"3":{"start":{"line":10,"column":20},"end":{"line":79,"column":1}},"4":{"start":{"line":12,"column":24},"end":{"line":18,"column":6}},"5":{"start":{"line":20,"column":4},"end":{"line":26,"column":5}},"6":{"start":{"line":22,"column":18},"end":{"line":24,"column":7}},"7":{"start":{"line":25,"column":6},"end":{"line":25,"column":16}},"8":{"start":{"line":28,"column":21},"end":{"line":31,"column":5}},"9":{"start":{"line":32,"column":4},"end":{"line":32,"column":20}},"10":{"start":{"line":36,"column":17},"end":{"line":42,"column":6}},"11":{"start":{"line":44,"column":4},"end":{"line":50,"column":5}},"12":{"start":{"line":46,"column":18},"end":{"line":48,"column":7}},"13":{"start":{"line":49,"column":6},"end":{"line":49,"column":16}},"14":{"start":{"line":52,"column":21},"end":{"line":54,"column":5}},"15":{"start":{"line":55,"column":4},"end":{"line":55,"column":20}},"16":{"start":{"line":59,"column":22},"end":{"line":63,"column":6}},"17":{"start":{"line":64,"column":21},"end":{"line":66,"column":5}},"18":{"start":{"line":67,"column":4},"end":{"line":67,"column":20}},"19":{"start":{"line":71,"column":4},"end":{"line":76,"column":28}},"20":{"start":{"line":76,"column":21},"end":{"line":76,"column":26}},"21":{"start":{"line":80,"column":15},"end":{"line":80,"column":26}},"22":{"start":{"line":81,"column":0},"end":{"line":81,"column":27}}},"fnMap":{"0":{"name":"(anonymous_0)","decl":{"start":{"line":11,"column":2},"end":{"line":11,"column":3}},"loc":{"start":{"line":11,"column":22},"end":{"line":33,"column":3}},"line":11},"1":{"name":"(anonymous_1)","decl":{"start":{"line":35,"column":2},"end":{"line":35,"column":3}},"loc":{"start":{"line":35,"column":29},"end":{"line":56,"column":3}},"line":35},"2":{"name":"(anonymous_2)","decl":{"start":{"line":58,"column":2},"end":{"line":58,"column":3}},"loc":{"start":{"line":58,"column":20},"end":{"line":68,"column":3}},"line":58},"3":{"name":"(anonymous_3)","decl":{"start":{"line":70,"column":2},"end":{"line":70,"column":3}},"loc":{"start":{"line":70,"column":19},"end":{"line":77,"column":3}},"line":70},"4":{"name":"(anonymous_4)","decl":{"start":{"line":76,"column":12},"end":{"line":76,"column":13}},"loc":{"start":{"line":76,"column":21},"end":{"line":76,"column":26}},"line":76}},"branchMap":{"0":{"loc":{"start":{"line":20,"column":4},"end":{"line":26,"column":5}},"type":"if","locations":[{"start":{"line":20,"column":4},"end":{"line":26,"column":5}},{"start":{"line":20,"column":4},"end":{"line":26,"column":5}}],"line":20},"1":{"loc":{"start":{"line":44,"column":4},"end":{"line":50,"column":5}},"type":"if","locations":[{"start":{"line":44,"column":4},"end":{"line":50,"column":5}},{"start":{"line":44,"column":4},"end":{"line":50,"column":5}}],"line":44}},"s":{"0":1,"1":1,"2":1,"3":1,"4":3,"5":3,"6":2,"7":2,"8":1,"9":1,"10":0,"11":0,"12":0,"13":0,"14":0,"15":0,"16":1,"17":1,"18":1,"19":0,"20":0,"21":1,"22":1},"f":{"0":3,"1":0,"2":1,"3":0,"4":0},"b":{"0":[2,1],"1":[0,0]},"_coverageSchema":"43e27e138ebf9cfc5966b082cf9a028302ed4184","hash":"db4e024ae18abf180e59d0989fa305a142781d8a","contentHash":"f1776ff37e14a405e709b2be72fa09c1bab719bfb39ac6f17c1dda5d30131c37"},"C:\\Users\\Alayesanmi Femi\\ReactProjects\\ALCWithForLoop\\ALCWithForLoop\\apis\\middlewares\\permissionAuth\\menu.js":{"path":"C:\\Users\\Alayesanmi Femi\\ReactProjects\\ALCWithForLoop\\ALCWithForLoop\\apis\\middlewares\\permissionAuth\\menu.js","statementMap":{"0":{"start":{"line":3,"column":18},"end":{"line":3,"column":76}},"1":{"start":{"line":5,"column":39},"end":{"line":5,"column":93}},"2":{"start":{"line":9,"column":24},"end":{"line":48,"column":1}},"3":{"start":{"line":11,"column":4},"end":{"line":15,"column":5}},"4":{"start":{"line":12,"column":6},"end":{"line":14,"column":9}},"5":{"start":{"line":17,"column":27},"end":{"line":17,"column":54}},"6":{"start":{"line":18,"column":20},"end":{"line":18,"column":129}},"7":{"start":{"line":20,"column":4},"end":{"line":24,"column":5}},"8":{"start":{"line":21,"column":6},"end":{"line":23,"column":9}},"9":{"start":{"line":26,"column":4},"end":{"line":26,"column":11}},"10":{"start":{"line":30,"column":4},"end":{"line":34,"column":5}},"11":{"start":{"line":31,"column":6},"end":{"line":33,"column":9}},"12":{"start":{"line":36,"column":27},"end":{"line":36,"column":54}},"13":{"start":{"line":37,"column":20},"end":{"line":37,"column":130}},"14":{"start":{"line":39,"column":4},"end":{"line":43,"column":5}},"15":{"start":{"line":40,"column":6},"end":{"line":42,"column":9}},"16":{"start":{"line":45,"column":4},"end":{"line":45,"column":11}},"17":{"start":{"line":49,"column":0},"end":{"line":49,"column":33}}},"fnMap":{"0":{"name":"_interopRequireDefault","decl":{"start":{"line":5,"column":9},"end":{"line":5,"column":31}},"loc":{"start":{"line":5,"column":37},"end":{"line":5,"column":95}},"line":5},"1":{"name":"(anonymous_1)","decl":{"start":{"line":10,"column":2},"end":{"line":10,"column":3}},"loc":{"start":{"line":10,"column":26},"end":{"line":27,"column":3}},"line":10},"2":{"name":"(anonymous_2)","decl":{"start":{"line":29,"column":2},"end":{"line":29,"column":3}},"loc":{"start":{"line":29,"column":28},"end":{"line":46,"column":3}},"line":29}},"branchMap":{"0":{"loc":{"start":{"line":5,"column":46},"end":{"line":5,"column":92}},"type":"cond-expr","locations":[{"start":{"line":5,"column":70},"end":{"line":5,"column":73}},{"start":{"line":5,"column":76},"end":{"line":5,"column":92}}],"line":5},"1":{"loc":{"start":{"line":5,"column":46},"end":{"line":5,"column":67}},"type":"binary-expr","locations":[{"start":{"line":5,"column":46},"end":{"line":5,"column":49}},{"start":{"line":5,"column":53},"end":{"line":5,"column":67}}],"line":5},"2":{"loc":{"start":{"line":11,"column":4},"end":{"line":15,"column":5}},"type":"if","locations":[{"start":{"line":11,"column":4},"end":{"line":15,"column":5}},{"start":{"line":11,"column":4},"end":{"line":15,"column":5}}],"line":11},"3":{"loc":{"start":{"line":18,"column":20},"end":{"line":18,"column":129}},"type":"binary-expr","locations":[{"start":{"line":18,"column":20},"end":{"line":18,"column":71}},{"start":{"line":18,"column":75},"end":{"line":18,"column":129}}],"line":18},"4":{"loc":{"start":{"line":20,"column":4},"end":{"line":24,"column":5}},"type":"if","locations":[{"start":{"line":20,"column":4},"end":{"line":24,"column":5}},{"start":{"line":20,"column":4},"end":{"line":24,"column":5}}],"line":20},"5":{"loc":{"start":{"line":30,"column":4},"end":{"line":34,"column":5}},"type":"if","locations":[{"start":{"line":30,"column":4},"end":{"line":34,"column":5}},{"start":{"line":30,"column":4},"end":{"line":34,"column":5}}],"line":30},"6":{"loc":{"start":{"line":37,"column":20},"end":{"line":37,"column":130}},"type":"binary-expr","locations":[{"start":{"line":37,"column":20},"end":{"line":37,"column":71}},{"start":{"line":37,"column":75},"end":{"line":37,"column":130}}],"line":37},"7":{"loc":{"start":{"line":39,"column":4},"end":{"line":43,"column":5}},"type":"if","locations":[{"start":{"line":39,"column":4},"end":{"line":43,"column":5}},{"start":{"line":39,"column":4},"end":{"line":43,"column":5}}],"line":39}},"s":{"0":1,"1":1,"2":1,"3":1,"4":0,"5":1,"6":1,"7":1,"8":0,"9":1,"10":4,"11":0,"12":4,"13":4,"14":4,"15":0,"16":4,"17":1},"f":{"0":1,"1":1,"2":4},"b":{"0":[0,1],"1":[1,1],"2":[0,1],"3":[1,0],"4":[0,1],"5":[0,4],"6":[4,0],"7":[0,4]},"_coverageSchema":"43e27e138ebf9cfc5966b082cf9a028302ed4184","hash":"6c1a184ab1d5c81487a5d34b5f8e816a20368edf","contentHash":"cd8ac158b2e37bb7fed8daa70204ef08614855be03ca76d51b0df461b57229d6"},"C:\\Users\\Alayesanmi Femi\\ReactProjects\\ALCWithForLoop\\ALCWithForLoop\\apis\\routes\\orderRoute.js":{"path":"C:\\Users\\Alayesanmi Femi\\ReactProjects\\ALCWithForLoop\\ALCWithForLoop\\apis\\routes\\orderRoute.js","statementMap":{"0":{"start":{"line":3,"column":13},"end":{"line":3,"column":79}},"1":{"start":{"line":5,"column":17},"end":{"line":5,"column":76}},"2":{"start":{"line":7,"column":14},"end":{"line":7,"column":84}},"3":{"start":{"line":9,"column":39},"end":{"line":9,"column":93}},"4":{"start":{"line":11,"column":16},"end":{"line":11,"column":34}},"5":{"start":{"line":13,"column":15},"end":{"line":13,"column":31}},"6":{"start":{"line":14,"column":0},"end":{"line":14,"column":104}},"7":{"start":{"line":15,"column":0},"end":{"line":15,"column":101}},"8":{"start":{"line":16,"column":0},"end":{"line":16,"column":104}},"9":{"start":{"line":17,"column":0},"end":{"line":17,"column":24}}},"fnMap":{"0":{"name":"_interopRequireDefault","decl":{"start":{"line":9,"column":9},"end":{"line":9,"column":31}},"loc":{"start":{"line":9,"column":37},"end":{"line":9,"column":95}},"line":9}},"branchMap":{"0":{"loc":{"start":{"line":9,"column":46},"end":{"line":9,"column":92}},"type":"cond-expr","locations":[{"start":{"line":9,"column":70},"end":{"line":9,"column":73}},{"start":{"line":9,"column":76},"end":{"line":9,"column":92}}],"line":9},"1":{"loc":{"start":{"line":9,"column":46},"end":{"line":9,"column":67}},"type":"binary-expr","locations":[{"start":{"line":9,"column":46},"end":{"line":9,"column":49}},{"start":{"line":9,"column":53},"end":{"line":9,"column":67}}],"line":9}},"s":{"0":1,"1":1,"2":1,"3":3,"4":1,"5":1,"6":1,"7":1,"8":1,"9":1},"f":{"0":3},"b":{"0":[1,2],"1":[3,3]},"_coverageSchema":"43e27e138ebf9cfc5966b082cf9a028302ed4184","hash":"457dd7db04f64566ec34371f7f919821b3775717","contentHash":"5812ff8ccfc4a275de7f3b027e3e9ff7ed7248e83ec74f1f71a38a70ed27a25a"},"C:\\Users\\Alayesanmi Femi\\ReactProjects\\ALCWithForLoop\\ALCWithForLoop\\apis\\controllers\\order.conrollers.js":{"path":"C:\\Users\\Alayesanmi Femi\\ReactProjects\\ALCWithForLoop\\ALCWithForLoop\\apis\\controllers\\order.conrollers.js","statementMap":{"0":{"start":{"line":3,"column":0},"end":{"line":5,"column":3}},"1":{"start":{"line":6,"column":0},"end":{"line":6,"column":25}},"2":{"start":{"line":8,"column":21},"end":{"line":8,"column":81}},"3":{"start":{"line":10,"column":18},"end":{"line":10,"column":73}},"4":{"start":{"line":12,"column":39},"end":{"line":12,"column":93}},"5":{"start":{"line":14,"column":25},"end":{"line":105,"column":1}},"6":{"start":{"line":16,"column":4},"end":{"line":29,"column":5}},"7":{"start":{"line":17,"column":21},"end":{"line":17,"column":40}},"8":{"start":{"line":18,"column":22},"end":{"line":18,"column":100}},"9":{"start":{"line":19,"column":24},"end":{"line":19,"column":79}},"10":{"start":{"line":20,"column":6},"end":{"line":23,"column":9}},"11":{"start":{"line":25,"column":6},"end":{"line":28,"column":9}},"12":{"start":{"line":34,"column":18},"end":{"line":34,"column":26}},"13":{"start":{"line":35,"column":4},"end":{"line":35,"column":39}},"14":{"start":{"line":36,"column":4},"end":{"line":36,"column":30}},"15":{"start":{"line":37,"column":4},"end":{"line":37,"column":30}},"16":{"start":{"line":38,"column":19},"end":{"line":38,"column":21}},"17":{"start":{"line":40,"column":4},"end":{"line":44,"column":5}},"18":{"start":{"line":41,"column":6},"end":{"line":43,"column":9}},"19":{"start":{"line":46,"column":4},"end":{"line":48,"column":5}},"20":{"start":{"line":47,"column":6},"end":{"line":47,"column":25}},"21":{"start":{"line":50,"column":4},"end":{"line":55,"column":5}},"22":{"start":{"line":51,"column":6},"end":{"line":54,"column":9}},"23":{"start":{"line":57,"column":4},"end":{"line":67,"column":5}},"24":{"start":{"line":58,"column":25},"end":{"line":58,"column":69}},"25":{"start":{"line":59,"column":6},"end":{"line":61,"column":9}},"26":{"start":{"line":63,"column":6},"end":{"line":66,"column":9}},"27":{"start":{"line":71,"column":17},"end":{"line":71,"column":25}},"28":{"start":{"line":74,"column":8},"end":{"line":74,"column":18}},"29":{"start":{"line":75,"column":19},"end":{"line":75,"column":38}},"30":{"start":{"line":76,"column":19},"end":{"line":76,"column":21}},"31":{"start":{"line":78,"column":4},"end":{"line":82,"column":5}},"32":{"start":{"line":79,"column":6},"end":{"line":81,"column":9}},"33":{"start":{"line":84,"column":4},"end":{"line":89,"column":5}},"34":{"start":{"line":85,"column":6},"end":{"line":88,"column":9}},"35":{"start":{"line":91,"column":4},"end":{"line":102,"column":5}},"36":{"start":{"line":92,"column":24},"end":{"line":92,"column":80}},"37":{"start":{"line":93,"column":6},"end":{"line":96,"column":9}},"38":{"start":{"line":98,"column":6},"end":{"line":101,"column":9}},"39":{"start":{"line":106,"column":15},"end":{"line":106,"column":31}},"40":{"start":{"line":107,"column":0},"end":{"line":107,"column":27}}},"fnMap":{"0":{"name":"_interopRequireDefault","decl":{"start":{"line":12,"column":9},"end":{"line":12,"column":31}},"loc":{"start":{"line":12,"column":37},"end":{"line":12,"column":95}},"line":12},"1":{"name":"(anonymous_1)","decl":{"start":{"line":15,"column":2},"end":{"line":15,"column":3}},"loc":{"start":{"line":15,"column":33},"end":{"line":30,"column":3}},"line":15},"2":{"name":"(anonymous_2)","decl":{"start":{"line":32,"column":2},"end":{"line":32,"column":3}},"loc":{"start":{"line":32,"column":27},"end":{"line":68,"column":3}},"line":32},"3":{"name":"(anonymous_3)","decl":{"start":{"line":70,"column":2},"end":{"line":70,"column":3}},"loc":{"start":{"line":70,"column":28},"end":{"line":103,"column":3}},"line":70}},"branchMap":{"0":{"loc":{"start":{"line":12,"column":46},"end":{"line":12,"column":92}},"type":"cond-expr","locations":[{"start":{"line":12,"column":70},"end":{"line":12,"column":73}},{"start":{"line":12,"column":76},"end":{"line":12,"column":92}}],"line":12},"1":{"loc":{"start":{"line":12,"column":46},"end":{"line":12,"column":67}},"type":"binary-expr","locations":[{"start":{"line":12,"column":46},"end":{"line":12,"column":49}},{"start":{"line":12,"column":53},"end":{"line":12,"column":67}}],"line":12},"2":{"loc":{"start":{"line":18,"column":22},"end":{"line":18,"column":100}},"type":"binary-expr","locations":[{"start":{"line":18,"column":22},"end":{"line":18,"column":91}},{"start":{"line":18,"column":95},"end":{"line":18,"column":100}}],"line":18},"3":{"loc":{"start":{"line":40,"column":4},"end":{"line":44,"column":5}},"type":"if","locations":[{"start":{"line":40,"column":4},"end":{"line":44,"column":5}},{"start":{"line":40,"column":4},"end":{"line":44,"column":5}}],"line":40},"4":{"loc":{"start":{"line":46,"column":4},"end":{"line":48,"column":5}},"type":"if","locations":[{"start":{"line":46,"column":4},"end":{"line":48,"column":5}},{"start":{"line":46,"column":4},"end":{"line":48,"column":5}}],"line":46},"5":{"loc":{"start":{"line":50,"column":4},"end":{"line":55,"column":5}},"type":"if","locations":[{"start":{"line":50,"column":4},"end":{"line":55,"column":5}},{"start":{"line":50,"column":4},"end":{"line":55,"column":5}}],"line":50},"6":{"loc":{"start":{"line":78,"column":4},"end":{"line":82,"column":5}},"type":"if","locations":[{"start":{"line":78,"column":4},"end":{"line":82,"column":5}},{"start":{"line":78,"column":4},"end":{"line":82,"column":5}}],"line":78},"7":{"loc":{"start":{"line":84,"column":4},"end":{"line":89,"column":5}},"type":"if","locations":[{"start":{"line":84,"column":4},"end":{"line":89,"column":5}},{"start":{"line":84,"column":4},"end":{"line":89,"column":5}}],"line":84}},"s":{"0":1,"1":1,"2":1,"3":1,"4":2,"5":1,"6":0,"7":0,"8":0,"9":0,"10":0,"11":0,"12":4,"13":4,"14":4,"15":4,"16":4,"17":4,"18":2,"19":4,"20":3,"21":4,"22":2,"23":2,"24":2,"25":1,"26":1,"27":2,"28":2,"29":2,"30":2,"31":2,"32":0,"33":2,"34":0,"35":2,"36":2,"37":2,"38":0,"39":1,"40":1},"f":{"0":2,"1":0,"2":4,"3":2},"b":{"0":[1,1],"1":[2,2],"2":[0,0],"3":[2,2],"4":[3,1],"5":[2,2],"6":[0,2],"7":[0,2]},"_coverageSchema":"43e27e138ebf9cfc5966b082cf9a028302ed4184","hash":"8010a1f444320c71f8bbbc9f71a74b8371c0b65c","contentHash":"204186e0cf16a8c1ba3061753439c0b35da9154c6213b0b5a9063c5c1066b1f6"},"C:\\Users\\Alayesanmi Femi\\ReactProjects\\ALCWithForLoop\\ALCWithForLoop\\apis\\services\\OrderServices.js":{"path":"C:\\Users\\Alayesanmi Femi\\ReactProjects\\ALCWithForLoop\\ALCWithForLoop\\apis\\services\\OrderServices.js","statementMap":{"0":{"start":{"line":3,"column":0},"end":{"line":5,"column":3}},"1":{"start":{"line":6,"column":0},"end":{"line":6,"column":25}},"2":{"start":{"line":8,"column":17},"end":{"line":8,"column":40}},"3":{"start":{"line":10,"column":21},"end":{"line":97,"column":1}},"4":{"start":{"line":12,"column":17},"end":{"line":17,"column":6}},"5":{"start":{"line":19,"column":4},"end":{"line":31,"column":5}},"6":{"start":{"line":22,"column":10},"end":{"line":22,"column":14}},"7":{"start":{"line":24,"column":6},"end":{"line":24,"column":34}},"8":{"start":{"line":25,"column":26},"end":{"line":25,"column":60}},"9":{"start":{"line":26,"column":23},"end":{"line":29,"column":7}},"10":{"start":{"line":30,"column":6},"end":{"line":30,"column":22}},"11":{"start":{"line":33,"column":18},"end":{"line":35,"column":5}},"12":{"start":{"line":36,"column":4},"end":{"line":36,"column":16}},"13":{"start":{"line":40,"column":4},"end":{"line":65,"column":5}},"14":{"start":{"line":41,"column":27},"end":{"line":46,"column":8}},"15":{"start":{"line":48,"column":6},"end":{"line":53,"column":7}},"16":{"start":{"line":49,"column":20},"end":{"line":51,"column":9}},"17":{"start":{"line":52,"column":8},"end":{"line":52,"column":18}},"18":{"start":{"line":55,"column":23},"end":{"line":58,"column":7}},"19":{"start":{"line":59,"column":6},"end":{"line":59,"column":22}},"20":{"start":{"line":61,"column":18},"end":{"line":63,"column":7}},"21":{"start":{"line":64,"column":6},"end":{"line":64,"column":17}},"22":{"start":{"line":69,"column":18},"end":{"line":73,"column":5}},"23":{"start":{"line":75,"column":4},"end":{"line":81,"column":5}},"24":{"start":{"line":76,"column":6},"end":{"line":80,"column":8}},"25":{"start":{"line":83,"column":4},"end":{"line":94,"column":5}},"26":{"start":{"line":84,"column":21},"end":{"line":84,"column":58}},"27":{"start":{"line":85,"column":23},"end":{"line":87,"column":7}},"28":{"start":{"line":88,"column":6},"end":{"line":88,"column":22}},"29":{"start":{"line":90,"column":18},"end":{"line":92,"column":7}},"30":{"start":{"line":93,"column":6},"end":{"line":93,"column":16}},"31":{"start":{"line":98,"column":15},"end":{"line":98,"column":27}},"32":{"start":{"line":99,"column":0},"end":{"line":99,"column":27}}},"fnMap":{"0":{"name":"(anonymous_0)","decl":{"start":{"line":11,"column":2},"end":{"line":11,"column":3}},"loc":{"start":{"line":11,"column":24},"end":{"line":37,"column":3}},"line":11},"1":{"name":"(anonymous_1)","decl":{"start":{"line":39,"column":2},"end":{"line":39,"column":3}},"loc":{"start":{"line":39,"column":37},"end":{"line":66,"column":3}},"line":39},"2":{"name":"(anonymous_2)","decl":{"start":{"line":68,"column":2},"end":{"line":68,"column":3}},"loc":{"start":{"line":68,"column":35},"end":{"line":95,"column":3}},"line":68}},"branchMap":{"0":{"loc":{"start":{"line":19,"column":4},"end":{"line":31,"column":5}},"type":"if","locations":[{"start":{"line":19,"column":4},"end":{"line":31,"column":5}},{"start":{"line":19,"column":4},"end":{"line":31,"column":5}}],"line":19},"1":{"loc":{"start":{"line":48,"column":6},"end":{"line":53,"column":7}},"type":"if","locations":[{"start":{"line":48,"column":6},"end":{"line":53,"column":7}},{"start":{"line":48,"column":6},"end":{"line":53,"column":7}}],"line":48},"2":{"loc":{"start":{"line":75,"column":4},"end":{"line":81,"column":5}},"type":"if","locations":[{"start":{"line":75,"column":4},"end":{"line":81,"column":5}},{"start":{"line":75,"column":4},"end":{"line":81,"column":5}}],"line":75}},"s":{"0":1,"1":1,"2":1,"3":1,"4":2,"5":2,"6":1,"7":1,"8":1,"9":1,"10":1,"11":1,"12":1,"13":2,"14":2,"15":2,"16":1,"17":1,"18":1,"19":1,"20":1,"21":1,"22":0,"23":0,"24":0,"25":0,"26":0,"27":0,"28":0,"29":0,"30":0,"31":1,"32":1},"f":{"0":2,"1":2,"2":0},"b":{"0":[1,1],"1":[1,1],"2":[0,0]},"_coverageSchema":"43e27e138ebf9cfc5966b082cf9a028302ed4184","hash":"039888a40eab7e4af90a5b444a6f981e4640d7ae","contentHash":"4afb89f874bdf38f3c0c39c5308a941cc9bde6d14ce571b538fd9c17e2fe5318"},"C:\\Users\\Alayesanmi Femi\\ReactProjects\\ALCWithForLoop\\ALCWithForLoop\\apis\\middlewares\\permissionAuth\\order.js":{"path":"C:\\Users\\Alayesanmi Femi\\ReactProjects\\ALCWithForLoop\\ALCWithForLoop\\apis\\middlewares\\permissionAuth\\order.js","statementMap":{"0":{"start":{"line":3,"column":18},"end":{"line":3,"column":76}},"1":{"start":{"line":5,"column":39},"end":{"line":5,"column":93}},"2":{"start":{"line":9,"column":25},"end":{"line":48,"column":1}},"3":{"start":{"line":11,"column":4},"end":{"line":15,"column":5}},"4":{"start":{"line":12,"column":6},"end":{"line":14,"column":9}},"5":{"start":{"line":17,"column":27},"end":{"line":17,"column":54}},"6":{"start":{"line":18,"column":20},"end":{"line":18,"column":130}},"7":{"start":{"line":20,"column":4},"end":{"line":24,"column":5}},"8":{"start":{"line":21,"column":6},"end":{"line":23,"column":9}},"9":{"start":{"line":26,"column":4},"end":{"line":26,"column":11}},"10":{"start":{"line":30,"column":4},"end":{"line":34,"column":5}},"11":{"start":{"line":31,"column":6},"end":{"line":33,"column":9}},"12":{"start":{"line":36,"column":27},"end":{"line":36,"column":54}},"13":{"start":{"line":37,"column":20},"end":{"line":37,"column":131}},"14":{"start":{"line":39,"column":4},"end":{"line":43,"column":5}},"15":{"start":{"line":40,"column":6},"end":{"line":42,"column":9}},"16":{"start":{"line":45,"column":4},"end":{"line":45,"column":11}},"17":{"start":{"line":49,"column":0},"end":{"line":49,"column":34}}},"fnMap":{"0":{"name":"_interopRequireDefault","decl":{"start":{"line":5,"column":9},"end":{"line":5,"column":31}},"loc":{"start":{"line":5,"column":37},"end":{"line":5,"column":95}},"line":5},"1":{"name":"(anonymous_1)","decl":{"start":{"line":10,"column":2},"end":{"line":10,"column":3}},"loc":{"start":{"line":10,"column":26},"end":{"line":27,"column":3}},"line":10},"2":{"name":"(anonymous_2)","decl":{"start":{"line":29,"column":2},"end":{"line":29,"column":3}},"loc":{"start":{"line":29,"column":28},"end":{"line":46,"column":3}},"line":29}},"branchMap":{"0":{"loc":{"start":{"line":5,"column":46},"end":{"line":5,"column":92}},"type":"cond-expr","locations":[{"start":{"line":5,"column":70},"end":{"line":5,"column":73}},{"start":{"line":5,"column":76},"end":{"line":5,"column":92}}],"line":5},"1":{"loc":{"start":{"line":5,"column":46},"end":{"line":5,"column":67}},"type":"binary-expr","locations":[{"start":{"line":5,"column":46},"end":{"line":5,"column":49}},{"start":{"line":5,"column":53},"end":{"line":5,"column":67}}],"line":5},"2":{"loc":{"start":{"line":11,"column":4},"end":{"line":15,"column":5}},"type":"if","locations":[{"start":{"line":11,"column":4},"end":{"line":15,"column":5}},{"start":{"line":11,"column":4},"end":{"line":15,"column":5}}],"line":11},"3":{"loc":{"start":{"line":18,"column":20},"end":{"line":18,"column":130}},"type":"binary-expr","locations":[{"start":{"line":18,"column":20},"end":{"line":18,"column":71}},{"start":{"line":18,"column":75},"end":{"line":18,"column":130}}],"line":18},"4":{"loc":{"start":{"line":20,"column":4},"end":{"line":24,"column":5}},"type":"if","locations":[{"start":{"line":20,"column":4},"end":{"line":24,"column":5}},{"start":{"line":20,"column":4},"end":{"line":24,"column":5}}],"line":20},"5":{"loc":{"start":{"line":30,"column":4},"end":{"line":34,"column":5}},"type":"if","locations":[{"start":{"line":30,"column":4},"end":{"line":34,"column":5}},{"start":{"line":30,"column":4},"end":{"line":34,"column":5}}],"line":30},"6":{"loc":{"start":{"line":37,"column":20},"end":{"line":37,"column":131}},"type":"binary-expr","locations":[{"start":{"line":37,"column":20},"end":{"line":37,"column":71}},{"start":{"line":37,"column":75},"end":{"line":37,"column":131}}],"line":37},"7":{"loc":{"start":{"line":39,"column":4},"end":{"line":43,"column":5}},"type":"if","locations":[{"start":{"line":39,"column":4},"end":{"line":43,"column
[...]
,"column":6},"end":{"line":35,"column":13}},"16":{"start":{"line":38,"column":2},"end":{"line":45,"column":5}},"17":{"start":{"line":39,"column":17},"end":{"line":39,"column":19}},"18":{"start":{"line":40,"column":4},"end":{"line":44,"column":7}},"19":{"start":{"line":41,"column":6},"end":{"line":41,"column":45}},"20":{"start":{"line":42,"column":6},"end":{"line":42,"column":34}},"21":{"start":{"line":43,"column":6},"end":{"line":43,"column":13}},"22":{"start":{"line":46,"column":2},"end":{"line":53,"column":5}},"23":{"start":{"line":47,"column":4},"end":{"line":52,"column":7}},"24":{"start":{"line":48,"column":6},"end":{"line":48,"column":44}},"25":{"start":{"line":49,"column":6},"end":{"line":49,"column":34}},"26":{"start":{"line":50,"column":6},"end":{"line":50,"column":66}},"27":{"start":{"line":51,"column":6},"end":{"line":51,"column":13}},"28":{"start":{"line":54,"column":2},"end":{"line":63,"column":5}},"29":{"start":{"line":55,"column":17},"end":{"line":57,"column":5}},"30":{"start":{"line":58,"column":4},"end":{"line":62,"column":7}},"31":{"start":{"line":59,"column":6},"end":{"line":59,"column":45}},"32":{"start":{"line":60,"column":6},"end":{"line":60,"column":34}},"33":{"start":{"line":61,"column":6},"end":{"line":61,"column":13}},"34":{"start":{"line":64,"column":2},"end":{"line":70,"column":5}},"35":{"start":{"line":65,"column":4},"end":{"line":69,"column":7}},"36":{"start":{"line":66,"column":6},"end":{"line":66,"column":47}},"37":{"start":{"line":67,"column":6},"end":{"line":67,"column":34}},"38":{"start":{"line":68,"column":6},"end":{"line":68,"column":13}},"39":{"start":{"line":71,"column":2},"end":{"line":77,"column":5}},"40":{"start":{"line":72,"column":4},"end":{"line":76,"column":7}},"41":{"start":{"line":73,"column":6},"end":{"line":73,"column":45}},"42":{"start":{"line":74,"column":6},"end":{"line":74,"column":34}},"43":{"start":{"line":75,"column":6},"end":{"line":75,"column":13}}},"fnMap":{"0":{"name":"_interopRequireDefault","decl":{"start":{"line":5,"column":9},"end":{"line":5,"column":31}},"loc":{"start":{"line":5,"column":37},"end":{"line":5,"column":95}},"line":5},"1":{"name":"(anonymous_1)","decl":{"start":{"line":18,"column":30},"end":{"line":18,"column":31}},"loc":{"start":{"line":18,"column":36},"end":{"line":78,"column":1}},"line":18},"2":{"name":"(anonymous_2)","decl":{"start":{"line":29,"column":42},"end":{"line":29,"column":43}},"loc":{"start":{"line":29,"column":50},"end":{"line":37,"column":3}},"line":29},"3":{"name":"(anonymous_3)","decl":{"start":{"line":30,"column":85},"end":{"line":30,"column":86}},"loc":{"start":{"line":30,"column":99},"end":{"line":36,"column":5}},"line":30},"4":{"name":"(anonymous_4)","decl":{"start":{"line":38,"column":73},"end":{"line":38,"column":74}},"loc":{"start":{"line":38,"column":81},"end":{"line":45,"column":3}},"line":38},"5":{"name":"(anonymous_5)","decl":{"start":{"line":40,"column":97},"end":{"line":40,"column":98}},"loc":{"start":{"line":40,"column":111},"end":{"line":44,"column":5}},"line":40},"6":{"name":"(anonymous_6)","decl":{"start":{"line":46,"column":41},"end":{"line":46,"column":42}},"loc":{"start":{"line":46,"column":49},"end":{"line":53,"column":3}},"line":46},"7":{"name":"(anonymous_7)","decl":{"start":{"line":47,"column":106},"end":{"line":47,"column":107}},"loc":{"start":{"line":47,"column":120},"end":{"line":52,"column":5}},"line":47},"8":{"name":"(anonymous_8)","decl":{"start":{"line":54,"column":75},"end":{"line":54,"column":76}},"loc":{"start":{"line":54,"column":83},"end":{"line":63,"column":3}},"line":54},"9":{"name":"(anonymous_9)","decl":{"start":{"line":58,"column":97},"end":{"line":58,"column":98}},"loc":{"start":{"line":58,"column":111},"end":{"line":62,"column":5}},"line":58},"10":{"name":"(anonymous_10)","decl":{"start":{"line":64,"column":74},"end":{"line":64,"column":75}},"loc":{"start":{"line":64,"column":82},"end":{"line":70,"column":3}},"line":64},"11":{"name":"(anonymous_11)","decl":{"start":{"line":65,"column":85},"end":{"line":65,"column":86}},"loc":{"start":{"line":65,"column":99},"end":{"line":69,"column":5}},"line":65},"12":{"name":"(anonymous_12)","decl":{"start":{"line":71,"column":88},"end":{"line":71,"column":89}},"loc":{"start":{"line":71,"column":96},"end":{"line":77,"column":3}},"line":71},"13":{"name":"(anonymous_13)","decl":{"start":{"line":72,"column":92},"end":{"line":72,"column":93}},"loc":{"start":{"line":72,"column":106},"end":{"line":76,"column":5}},"line":72}},"branchMap":{"0":{"loc":{"start":{"line":5,"column":46},"end":{"line":5,"column":92}},"type":"cond-expr","locations":[{"start":{"line":5,"column":70},"end":{"line":5,"column":73}},{"start":{"line":5,"column":76},"end":{"line":5,"column":92}}],"line":5},"1":{"loc":{"start":{"line":5,"column":46},"end":{"line":5,"column":67}},"type":"binary-expr","locations":[{"start":{"line":5,"column":46},"end":{"line":5,"column":49}},{"start":{"line":5,"column":53},"end":{"line":5,"column":67}}],"line":5}},"s":{"0":1,"1":1,"2":1,"3":1,"4":1,"5":1,"6":1,"7":1,"8":1,"9":1,"10":1,"11":1,"12":1,"13":1,"14":1,"15":1,"16":1,"17":1,"18":1,"19":1,"20":1,"21":1,"22":1,"23":1,"24":1,"25":1,"26":1,"27":1,"28":1,"29":1,"30":1,"31":1,"32":1,"33":1,"34":1,"35":1,"36":1,"37":1,"38":1,"39":1,"40":1,"41":1,"42":1,"43":1},"f":{"0":1,"1":1,"2":1,"3":1,"4":1,"5":1,"6":1,"7":1,"8":1,"9":1,"10":1,"11":1,"12":1,"13":1},"b":{"0":[1,0],"1":[1,1]},"_coverageSchema":"43e27e138ebf9cfc5966b082cf9a028302ed4184","hash":"fa0b49e39c396e4696791094376a1841ca327fb9","contentHash":"87af2e290e57fb35fb677c2f481c23bb5269fd79dc45ccd911a6bf8cf1c9e753"},"C:\\Users\\Alayesanmi Femi\\ReactProjects\\ALCWithForLoop\\ALCWithForLoop\\apis\\test\\order_test.js":{"path":"C:\\Users\\Alayesanmi Femi\\ReactProjects\\ALCWithForLoop\\ALCWithForLoop\\apis\\test\\order_test.js","statementMap":{"0":{"start":{"line":3,"column":13},"end":{"line":3,"column":56}},"1":{"start":{"line":5,"column":39},"end":{"line":5,"column":93}},"2":{"start":{"line":8,"column":13},"end":{"line":8,"column":28}},"3":{"start":{"line":10,"column":17},"end":{"line":10,"column":37}},"4":{"start":{"line":12,"column":0},"end":{"line":12,"column":19}},"5":{"start":{"line":13,"column":15},"end":{"line":13,"column":28}},"6":{"start":{"line":16,"column":4},"end":{"line":16,"column":8}},"7":{"start":{"line":17,"column":12},"end":{"line":17,"column":14}},"8":{"start":{"line":18,"column":0},"end":{"line":92,"column":3}},"9":{"start":{"line":19,"column":20},"end":{"line":34,"column":3}},"10":{"start":{"line":35,"column":2},"end":{"line":43,"column":5}},"11":{"start":{"line":36,"column":4},"end":{"line":42,"column":7}},"12":{"start":{"line":37,"column":6},"end":{"line":37,"column":48}},"13":{"start":{"line":38,"column":6},"end":{"line":38,"column":34}},"14":{"start":{"line":40,"column":6},"end":{"line":40,"column":38}},"15":{"start":{"line":41,"column":6},"end":{"line":41,"column":13}},"16":{"start":{"line":44,"column":2},"end":{"line":50,"column":5}},"17":{"start":{"line":45,"column":4},"end":{"line":49,"column":7}},"18":{"start":{"line":46,"column":6},"end":{"line":46,"column":50}},"19":{"start":{"line":47,"column":6},"end":{"line":47,"column":34}},"20":{"start":{"line":48,"column":6},"end":{"line":48,"column":13}},"21":{"start":{"line":51,"column":2},"end":{"line":57,"column":5}},"22":{"start":{"line":52,"column":4},"end":{"line":56,"column":7}},"23":{"start":{"line":53,"column":6},"end":{"line":53,"column":46}},"24":{"start":{"line":54,"column":6},"end":{"line":54,"column":34}},"25":{"start":{"line":55,"column":6},"end":{"line":55,"column":13}},"26":{"start":{"line":58,"column":2},"end":{"line":64,"column":5}},"27":{"start":{"line":59,"column":4},"end":{"line":63,"column":7}},"28":{"start":{"line":60,"column":6},"end":{"line":60,"column":46}},"29":{"start":{"line":61,"column":6},"end":{"line":61,"column":34}},"30":{"start":{"line":62,"column":6},"end":{"line":62,"column":13}},"31":{"start":{"line":65,"column":2},"end":{"line":71,"column":5}},"32":{"start":{"line":66,"column":4},"end":{"line":70,"column":7}},"33":{"start":{"line":67,"column":6},"end":{"line":67,"column":45}},"34":{"start":{"line":68,"column":6},"end":{"line":68,"column":34}},"35":{"start":{"line":69,"column":6},"end":{"line":69,"column":13}},"36":{"start":{"line":72,"column":2},"end":{"line":81,"column":5}},"37":{"start":{"line":73,"column":18},"end":{"line":75,"column":5}},"38":{"start":{"line":76,"column":4},"end":{"line":80,"column":7}},"39":{"start":{"line":77,"column":6},"end":{"line":77,"column":44}},"40":{"start":{"line":78,"column":6},"end":{"line":78,"column":34}},"41":{"start":{"line":79,"column":6},"end":{"line":79,"column":13}},"42":{"start":{"line":82,"column":2},"end":{"line":91,"column":5}},"43":{"start":{"line":83,"column":18},"end":{"line":85,"column":5}},"44":{"start":{"line":86,"column":4},"end":{"line":90,"column":7}},"45":{"start":{"line":87,"column":6},"end":{"line":87,"column":44}},"46":{"start":{"line":88,"column":6},"end":{"line":88,"column":34}},"47":{"start":{"line":89,"column":6},"end":{"line":89,"column":13}}},"fnMap":{"0":{"name":"_interopRequireDefault","decl":{"start":{"line":5,"column":9},"end":{"line":5,"column":31}},"loc":{"start":{"line":5,"column":37},"end":{"line":5,"column":95}},"line":5},"1":{"name":"(anonymous_1)","decl":{"start":{"line":18,"column":31},"end":{"line":18,"column":32}},"loc":{"start":{"line":18,"column":37},"end":{"line":92,"column":1}},"line":18},"2":{"name":"(anonymous_2)","decl":{"start":{"line":35,"column":38},"end":{"line":35,"column":39}},"loc":{"start":{"line":35,"column":46},"end":{"line":43,"column":3}},"line":35},"3":{"name":"(anonymous_3)","decl":{"start":{"line":36,"column":86},"end":{"line":36,"column":87}},"loc":{"start":{"line":36,"column":100},"end":{"line":42,"column":5}},"line":36},"4":{"name":"(anonymous_4)","decl":{"start":{"line":44,"column":29},"end":{"line":44,"column":30}},"loc":{"start":{"line":44,"column":37},"end":{"line":50,"column":3}},"line":44},"5":{"name":"(anonymous_5)","decl":{"start":{"line":45,"column":109},"end":{"line":45,"column":110}},"loc":{"start":{"line":45,"column":123},"end":{"line":49,"column":5}},"line":45},"6":{"name":"(anonymous_6)","decl":{"start":{"line":51,"column":42},"end":{"line":51,"column":43}},"loc":{"start":{"line":51,"column":50},"end":{"line":57,"column":3}},"line":51},"7":{"name":"(anonymous_7)","decl":{"start":{"line":52,"column":114},"end":{"line":52,"column":115}},"loc":{"start":{"line":52,"column":128},"end":{"line":56,"column":5}},"line":52},"8":{"name":"(anonymous_8)","decl":{"start":{"line":58,"column":47},"end":{"line":58,"column":48}},"loc":{"start":{"line":58,"column":55},"end":{"line":64,"column":3}},"line":58},"9":{"name":"(anonymous_9)","decl":{"start":{"line":59,"column":112},"end":{"line":59,"column":113}},"loc":{"start":{"line":59,"column":126},"end":{"line":63,"column":5}},"line":59},"10":{"name":"(anonymous_10)","decl":{"start":{"line":65,"column":69},"end":{"line":65,"column":70}},"loc":{"start":{"line":65,"column":77},"end":{"line":71,"column":3}},"line":65},"11":{"name":"(anonymous_11)","decl":{"start":{"line":66,"column":112},"end":{"line":66,"column":113}},"loc":{"start":{"line":66,"column":126},"end":{"line":70,"column":5}},"line":66},"12":{"name":"(anonymous_12)","decl":{"start":{"line":72,"column":54},"end":{"line":72,"column":55}},"loc":{"start":{"line":72,"column":62},"end":{"line":81,"column":3}},"line":72},"13":{"name":"(anonymous_13)","decl":{"start":{"line":76,"column":100},"end":{"line":76,"column":101}},"loc":{"start":{"line":76,"column":114},"end":{"line":80,"column":5}},"line":76},"14":{"name":"(anonymous_14)","decl":{"start":{"line":82,"column":49},"end":{"line":82,"column":50}},"loc":{"start":{"line":82,"column":57},"end":{"line":91,"column":3}},"line":82},"15":{"name":"(anonymous_15)","decl":{"start":{"line":86,"column":100},"end":{"line":86,"column":101}},"loc":{"start":{"line":86,"column":114},"end":{"line":90,"column":5}},"line":86}},"branchMap":{"0":{"loc":{"start":{"line":5,"column":46},"end":{"line":5,"column":92}},"type":"cond-expr","locations":[{"start":{"line":5,"column":70},"end":{"line":5,"column":73}},{"start":{"line":5,"column":76},"end":{"line":5,"column":92}}],"line":5},"1":{"loc":{"start":{"line":5,"column":46},"end":{"line":5,"column":67}},"type":"binary-expr","locations":[{"start":{"line":5,"column":46},"end":{"line":5,"column":49}},{"start":{"line":5,"column":53},"end":{"line":5,"column":67}}],"line":5}},"s":{"0":1,"1":1,"2":1,"3":1,"4":1,"5":1,"6":1,"7":1,"8":1,"9":1,"10":1,"11":1,"12":1,"13":1,"14":1,"15":1,"16":1,"17":1,"18":1,"19":1,"20":1,"21":1,"22":1,"23":1,"24":1,"25":1,"26":1,"27":1,"28":1,"29":1,"30":1,"31":1,"32":1,"33":1,"34":1,"35":1,"36":1,"37":1,"38":1,"39":1,"40":1,"41":1,"42":1,"43":1,"44":1,"45":1,"46":1,"47":1},"f":{"0":1,"1":1,"2":1,"3":1,"4":1,"5":1,"6":1,"7":1,"8":1,"9":1,"10":1,"11":1,"12":1,"13":1,"14":1,"15":1},"b":{"0":[1,0],"1":[1,1]},"_coverageSchema":"43e27e138ebf9cfc5966b082cf9a028302ed4184","hash":"9156467dae5973beba97cdaf938114174239b18a","contentHash":"78fa9dfba656a2b90469db64701a727002060b522431a1bf5d3d90dafb9087cd"},"C:\\Users\\Alayesanmi Femi\\ReactProjects\\ALCWithForLoop\\ALCWithForLoop\\apis\\test\\user_test.js":{"path":"C:\\Users\\Alayesanmi Femi\\ReactProjects\\ALCWithForLoop\\ALCWithForLoop\\apis\\test\\user_test.js","statementMap":{"0":{"start":{"line":3,"column":13},"end":{"line":3,"column":56}},"1":{"start":{"line":5,"column":39},"end":{"line":5,"column":93}},"2":{"start":{"line":8,"column":13},"end":{"line":8,"column":28}},"3":{"start":{"line":10,"column":17},"end":{"line":10,"column":37}},"4":{"start":{"line":12,"column":0},"end":{"line":12,"column":19}},"5":{"start":{"line":13,"column":15},"end":{"line":13,"column":28}},"6":{"start":{"line":16,"column":4},"end":{"line":16,"column":8}},"7":{"start":{"line":17,"column":0},"end":{"line":98,"column":3}},"8":{"start":{"line":18,"column":19},"end":{"line":51,"column":3}},"9":{"start":{"line":52,"column":2},"end":{"line":97,"column":5}},"10":{"start":{"line":53,"column":4},"end":{"line":60,"column":7}},"11":{"start":{"line":54,"column":6},"end":{"line":59,"column":9}},"12":{"start":{"line":55,"column":8},"end":{"line":55,"column":36}},"13":{"start":{"line":56,"column":8},"end":{"line":56,"column":47}},"14":{"start":{"line":57,"column":8},"end":{"line":57,"column":44}},"15":{"start":{"line":58,"column":8},"end":{"line":58,"column":15}},"16":{"start":{"line":61,"column":4},"end":{"line":66,"column":7}},"17":{"start":{"line":62,"column":6},"end":{"line":65,"column":9}},"18":{"start":{"line":63,"column":8},"end":{"line":63,"column":36}},"19":{"start":{"line":64,"column":8},"end":{"line":64,"column":15}},"20":{"start":{"line":67,"column":4},"end":{"line":72,"column":7}},"21":{"start":{"line":68,"column":6},"end":{"line":71,"column":9}},"22":{"start":{"line":69,"column":8},"end":{"line":69,"column":36}},"23":{"start":{"line":70,"column":8},"end":{"line":70,"column":15}},"24":{"start":{"line":73,"column":4},"end":{"line":80,"column":7}},"25":{"start":{"line":74,"column":6},"end":{"line":79,"column":9}},"26":{"start":{"line":75,"column":8},"end":{"line":75,"column":36}},"27":{"start":{"line":76,"column":8},"end":{"line":76,"column":50}},"28":{"start":{"line":77,"column":8},"end":{"line":77,"column":44}},"29":{"start":{"line":78,"column":8},"end":{"line":78,"column":15}},"30":{"start":{"line":81,"column":4},"end":{"line":88,"column":7}},"31":{"start":{"line":82,"column":6},"end":{"line":87,"column":9}},"32":{"start":{"line":83,"column":8},"end":{"line":83,"column":47}},"33":{"start":{"line":84,"column":8},"end":{"line":84,"column":36}},"34":{"start":{"line":85,"column":8},"end":{"line":85,"column":44}},"35":{"start":{"line":86,"column":8},"end":{"line":86,"column":15}},"36":{"start":{"line":89,"column":4},"end":{"line":96,"column":7}},"37":{"start":{"line":90,"column":6},"end":{"line":95,"column":9}},"38":{"start":{"line":91,"column":8},"end":{"line":91,"column":47}},"39":{"start":{"line":92,"column":8},"end":{"line":92,"column":36}},"40":{"start":{"line":93,"column":8},"end":{"line":93,"column":44}},"41":{"start":{"line":94,"column":8},"end":{"line":94,"column":15}}},"fnMap":{"0":{"name":"_interopRequireDefault","decl":{"start":{"line":5,"column":9},"end":{"line":5,"column":31}},"loc":{"start":{"line":5,"column":37},"end":{"line":5,"column":95}},"line":5},"1":{"name":"(anonymous_1)","decl":{"start":{"line":17,"column":44},"end":{"line":17,"column":45}},"loc":{"start":{"line":17,"column":50},"end":{"line":98,"column":1}},"line":17},"2":{"name":"(anonymous_2)","decl":{"start":{"line":52,"column":34},"end":{"line":52,"column":35}},"loc":{"start":{"line":52,"column":40},"end":{"line":97,"column":3}},"line":52},"3":{"name":"(anonymous_3)","decl":{"start":{"line":53,"column":38},"end":{"line":53,"column":39}},"loc":{"start":{"line":53,"column":46},"end":{"line":60,"column":5}},"line":53},"4":{"name":"(anonymous_4)","decl":{"start":{"line":54,"column":87},"end":{"line":54,"column":88}},"loc":{"start":{"line":54,"column":101},"end":{"line":59,"column":7}},"line":54},"5":{"name":"(anonymous_5)","decl":{"start":{"line":61,"column":58},"end":{"line":61,"column":59}},"loc":{"start":{"line":61,"column":66},"end":{"line":66,"column":5}},"line":61},"6":{"name":"(anonymous_6)","decl":{"start":{"line":62,"column":90},"end":{"line":62,"column":91}},"loc":{"start":{"line":62,"column":104},"end":{"line":65,"column":7}},"line":62},"7":{"name":"(anonymous_7)","decl":{"start":{"line":67,"column":46},"end":{"line":67,"column":47}},"loc":{"start":{"line":67,"column":54},"end":{"line":72,"column":5}},"line":67},"8":{"name":"(anonymous_8)","decl":{"start":{"line":68,"column":90},"end":{"line":68,"column":91}},"loc":{"start":{"line":68,"column":104},"end":{"line":71,"column":7}},"line":68},"9":{"name":"(anonymous_9)","decl":{"start":{"line":73,"column":42},"end":{"line":73,"column":43}},"loc":{"start":{"line":73,"column":50},"end":{"line":80,"column":5}},"line":73},"10":{"name":"(anonymous_10)","decl":{"start":{"line":74,"column":87},"end":{"line":74,"column":88}},"loc":{"start":{"line":74,"column":101},"end":{"line":79,"column":7}},"line":74},"11":{"name":"(anonymous_11)","decl":{"start":{"line":81,"column":46},"end":{"line":81,"column":47}},"loc":{"start":{"line":81,"column":54},"end":{"line":88,"column":5}},"line":81},"12":{"name":"(anonymous_12)","decl":{"start":{"line":82,"column":90},"end":{"line":82,"column":91}},"loc":{"start":{"line":82,"column":104},"end":{"line":87,"column":7}},"line":82},"13":{"name":"(anonymous_13)","decl":{"start":{"line":89,"column":46},"end":{"line":89,"column":47}},"loc":{"start":{"line":89,"column":54},"end":{"line":96,"column":5}},"line":89},"14":{"name":"(anonymous_14)","decl":{"start":{"line":90,"column":90},"end":{"line":90,"column":91}},"loc":{"start":{"line":90,"column":104},"end":{"line":95,"column":7}},"line":90}},"branchMap":{"0":{"loc":{"start":{"line":5,"column":46},"end":{"line":5,"column":92}},"type":"cond-expr","locations":[{"start":{"line":5,"column":70},"end":{"line":5,"column":73}},{"start":{"line":5,"column":76},"end":{"line":5,"column":92}}],"line":5},"1":{"loc":{"start":{"line":5,"column":46},"end":{"line":5,"column":67}},"type":"binary-expr","locations":[{"start":{"line":5,"column":46},"end":{"line":5,"column":49}},{"start":{"line":5,"column":53},"end":{"line":5,"column":67}}],"line":5}},"s":{"0":1,"1":1,"2":1,"3":1,"4":1,"5":1,"6":1,"7":1,"8":1,"9":1,"10":1,"11":1,"12":1,"13":1,"14":1,"15":1,"16":1,"17":1,"18":1,"19":1,"20":1,"21":1,"22":1,"23":1,"24":1,"25":1,"26":1,"27":1,"28":1,"29":1,"30":1,"31":1,"32":1,"33":1,"34":1,"35":1,"36":1,"37":1,"38":1,"39":1,"40":1,"41":1},"f":{"0":1,"1":1,"2":1,"3":1,"4":1,"5":1,"6":1,"7":1,"8":1,"9":1,"10":1,"11":1,"12":1,"13":1,"14":1},"b":{"0":[1,0],"1":[1,1]},"_coverageSchema":"43e27e138ebf9cfc5966b082cf9a028302ed4184","hash":"53315a7283b027fe42e5a8d7c84669d84e76e278","contentHash":"edb36151400a7e12fab8863bdb7150bb40dd66753ed31de721fb6848a2c02b6d"}}