TN:
SF:C:\Users\Alayesanmi Femi\ReactProjects\ALCWithForLoop\ALCwithForLoop\apis/index.js
FN:19,(anonymous_0)
FNF:1
FNH:1
FNDA:1,(anonymous_0)
DA:1,1
DA:2,1
DA:3,1
DA:4,1
DA:5,1
DA:7,1
DA:10,1
DA:11,1
DA:13,1
DA:15,1
DA:16,1
DA:17,1
DA:19,1
DA:21,1
LF:14
LH:14
BRF:0
BRH:0
end_of_record
TN:
SF:C:\Users\Alayesanmi Femi\ReactProjects\ALCWithForLoop\ALCwithForLoop\apis\controllers/meals.controllers.js
FN:4,fetchAllMeals
FN:86,(anonymous_5)
FNF:2
FNH:2
FNDA:5,fetchAllMeals
FNDA:4,(anonymous_5)
DA:1,1
DA:2,1
DA:4,1
DA:6,1
DA:7,1
DA:14,1
DA:15,1
DA:18,0
DA:21,1
DA:24,0
DA:27,1
DA:30,0
DA:33,1
DA:36,0
DA:39,1
DA:42,1
DA:45,1
DA:48,1
DA:51,1
DA:54,1
DA:59,0
DA:60,0
DA:61,0
DA:68,1
DA:69,1
DA:70,1
DA:73,0
DA:78,1
DA:85,1
DA:86,4
DA:88,1
DA:91,1
DA:93,1
DA:96,0
DA:98,1
DA:101,1
DA:106,0
DA:107,0
DA:108,0
DA:115,1
DA:116,1
DA:117,1
DA:124,1
LF:43
LH:31
BRDA:15,0,0,0
BRDA:15,0,1,1
BRDA:21,1,0,0
BRDA:21,1,1,1
BRDA:27,2,0,0
BRDA:27,2,1,1
BRDA:33,3,0,0
BRDA:33,3,1,1
BRDA:39,4,0,1
BRDA:39,4,1,0
BRDA:45,5,0,1
BRDA:45,5,1,0
BRDA:51,6,0,1
BRDA:51,6,1,0
BRDA:70,7,0,0
BRDA:70,7,1,1
BRDA:88,8,0,1
BRDA:88,8,1,0
BRDA:93,9,0,0
BRDA:93,9,1,1
BRDA:98,10,0,1
BRDA:98,10,1,0
BRF:22
BRH:11
end_of_record
TN:
SF:C:\Users\Alayesanmi Femi\ReactProjects\ALCWithForLoop\ALCwithForLoop\apis\controllers/menu.controllers.js
FN:5,setUpMenuOption
FN:28,(anonymous_2)
FN:37,(anonymous_3)
FN:66,(anonymous_5)
FN:68,(anonymous_6)
FNF:5
FNH:3
FNDA:3,setUpMenuOption
FNDA:0,(anonymous_2)
FNDA:3,(anonymous_3)
FNDA:1,(anonymous_5)
FNDA:0,(anonymous_6)
DA:1,1
DA:2,1
DA:3,1
DA:5,1
DA:9,1
DA:11,1
DA:12,1
DA:14,1
DA:17,0
DA:20,1
DA:23,1
DA:27,1
DA:28,0
DA:30,1
DA:33,0
DA:37,3
DA:38,1
DA:41,1
DA:43,0
DA:46,1
DA:49,1
DA:55,0
DA:56,0
DA:57,0
DA:64,1
DA:66,1
DA:68,1
DA:70,1
DA:73,1
DA:76,1
DA:79,0
DA:81,1
DA:84,0
DA:86,1
DA:89,1
DA:94,0
DA:95,0
DA:96,0
DA:103,1
DA:104,1
DA:111,1
LF:41
LH:29
BRDA:14,0,0,0
BRDA:14,0,1,1
BRDA:20,1,0,1
BRDA:20,1,1,0
BRDA:28,2,0,0
BRDA:28,2,1,0
BRDA:30,3,0,0
BRDA:30,3,1,1
BRDA:38,4,0,1
BRDA:38,4,1,0
BRDA:46,5,0,1
BRDA:46,5,1,0
BRDA:70,6,0,1
BRDA:70,6,1,0
BRDA:76,7,0,0
BRDA:76,7,1,1
BRDA:81,8,0,0
BRDA:81,8,1,1
BRDA:86,9,0,1
BRDA:86,9,1,0
BRF:20
BRH:9
end_of_record
TN:
SF:C:\Users\Alayesanmi Femi\ReactProjects\ALCWithForLoop\ALCwithForLoop\apis\controllers/order.conrollers.js
FN:5,fetchAllOrders
FN:23,(anonymous_3)
FN:34,(anonymous_4)
FN:83,(anonymous_6)
FN:86,(anonymous_7)
FNF:5
FNH:1
FNDA:2,fetchAllOrders
FNDA:0,(anonymous_3)
FNDA:0,(anonymous_4)
FNDA:0,(anonymous_6)
FNDA:0,(anonymous_7)
DA:1,1
DA:2,1
DA:3,1
DA:5,1
DA:8,1
DA:9,1
DA:17,1
DA:18,1
DA:19,1
DA:22,1
DA:23,0
DA:24,1
DA:27,0
DA:28,0
DA:29,0
DA:33,1
DA:34,0
DA:36,1
DA:39,0
DA:41,1
DA:44,1
DA:47,0
DA:50,1
DA:53,0
DA:56,1
DA:59,0
DA:62,1
DA:65,1
DA:70,0
DA:71,0
DA:72,0
DA:79,0
DA:81,0
DA:83,0
DA:85,0
DA:86,0
DA:88,0
DA:91,0
DA:94,0
DA:97,0
DA:100,0
DA:103,0
DA:106,0
DA:109,0
DA:114,0
DA:115,0
DA:116,0
DA:117,0
DA:124,1
LF:49
LH:20
BRDA:24,0,0,0
BRDA:24,0,1,1
BRDA:36,1,0,0
BRDA:36,1,1,1
BRDA:44,2,0,0
BRDA:44,2,1,1
BRDA:50,3,0,0
BRDA:50,3,1,1
BRDA:56,4,0,0
BRDA:56,4,1,1
BRDA:62,5,0,1
BRDA:62,5,1,0
BRDA:88,6,0,0
BRDA:88,6,1,0
BRDA:94,7,0,0
BRDA:94,7,1,0
BRDA:100,8,0,0
BRDA:100,8,1,0
BRDA:106,9,0,0
BRDA:106,9,1,0
BRF:20
BRH:6
end_of_record
TN:
SF:C:\Users\Alayesanmi Femi\ReactProjects\ALCWithForLoop\ALCwithForLoop\apis\models/Meals.js
FN:2,Meals
FNF:1
FNH:1
FNDA:4,Meals
DA:2,4
DA:3,4
DA:4,4
DA:5,4
DA:6,4
DA:7,4
DA:8,4
DA:12,1
LF:8
LH:8
BRF:0
BRH:0
end_of_record
TN:
SF:C:\Users\Alayesanmi Femi\ReactProjects\ALCWithForLoop\ALCwithForLoop\apis\models/Menu.js
FN:2,Menu
FNF:1
FNH:0
FNDA:0,Menu
DA:2,1
DA:3,0
DA:4,0
DA:5,0
DA:6,0
DA:7,0
DA:10,1
LF:7
LH:2
BRF:0
BRH:0
end_of_record
TN:
SF:C:\Users\Alayesanmi Femi\ReactProjects\ALCWithForLoop\ALCwithForLoop\apis\models/Order.js
FN:2,Order
FNF:1
FNH:0
FNDA:0,Order
DA:2,1
DA:3,0
DA:4,0
DA:5,0
DA:6,0
DA:7,0
DA:8,0
DA:9,0
DA:12,1
LF:9
LH:2
BRF:0
BRH:0
end_of_record
TN:
SF:C:\Users\Alayesanmi Femi\ReactProjects\ALCWithForLoop\ALCwithForLoop\apis\routes/mealsRoute.js
FNF:0
FNH:0
DA:1,1
DA:3,1
DA:6,1
DA:8,1
DA:10,1
DA:12,1
DA:14,1
DA:16,1
DA:18,1
LF:9
LH:9
BRF:0
BRH:0
end_of_record
TN:
SF:C:\Users\Alayesanmi Femi\ReactProjects\ALCWithForLoop\ALCwithForLoop\apis\routes/menuRoute.js
FNF:0
FNH:0
DA:1,1
DA:3,1
DA:5,1
DA:7,1
DA:9,1
DA:11,1
DA:13,1
LF:7
LH:7
BRF:0
BRH:0
end_of_record
TN:
SF:C:\Users\Alayesanmi Femi\ReactProjects\ALCWithForLoop\ALCwithForLoop\apis\routes/orderRoute.js
FNF:0
FNH:0
DA:1,1
DA:3,1
DA:5,1
DA:7,1
DA:9,1
DA:11,1
DA:13,1
LF:7
LH:7
BRF:0
BRH:0
end_of_record
TN:
SF:C:\Users\Alayesanmi Femi\ReactProjects\ALCWithForLoop\ALCwithForLoop\apis\services/MealServices.js
FN:6,fetchAllMeals
FN:8,(anonymous_2)
FN:22,(anonymous_4)
FN:67,(anonymous_8)
FN:74,(anonymous_9)
FNF:5
FNH:5
FNDA:3,fetchAllMeals
FNDA:4,(anonymous_2)
FNDA:1,(anonymous_4)
FNDA:4,(anonymous_8)
FNDA:1,(anonymous_9)
DA:1,1
DA:3,1
DA:6,1
DA:8,1
DA:9,4
DA:10,4
DA:11,4
DA:12,4
DA:13,4
DA:14,4
DA:15,4
DA:16,4
DA:18,1
DA:22,1
DA:23,1
DA:27,0
DA:28,0
DA:29,0
DA:30,0
DA:31,0
DA:32,0
DA:36,0
DA:37,0
DA:40,0
DA:43,0
DA:46,0
DA:49,0
DA:52,0
DA:55,0
DA:58,0
DA:60,0
DA:64,1
DA:65,1
DA:66,1
DA:67,4
DA:69,1
DA:72,0
DA:74,1
DA:75,1
DA:76,1
DA:80,1
LF:41
LH:24
BRDA:37,0,0,0
BRDA:37,0,1,0
BRDA:43,1,0,0
BRDA:43,1,1,0
BRDA:49,2,0,0
BRDA:49,2,1,0
BRDA:55,3,0,0
BRDA:55,3,1,0
BRDA:69,4,0,0
BRDA:69,4,1,1
BRF:10
BRH:1
end_of_record
TN:
SF:C:\Users\Alayesanmi Femi\ReactProjects\ALCWithForLoop\ALCwithForLoop\apis\services/MenuServices.js
FN:6,setUpMenu
FN:45,(anonymous_4)
FNF:2
FNH:1
FNDA:1,setUpMenu
FNDA:0,(anonymous_4)
DA:1,1
DA:2,1
DA:4,1
DA:6,1
DA:8,0
DA:9,0
DA:11,0
DA:14,0
DA:15,0
DA:16,0
DA:18,0
DA:19,0
DA:20,0
DA:22,0
DA:24,0
DA:25,0
DA:29,0
DA:30,0
DA:33,0
DA:36,0
DA:39,0
DA:41,0
DA:45,1
DA:46,0
DA:47,0
DA:48,0
DA:49,0
DA:50,0
DA:51,0
DA:53,0
DA:55,1
DA:59,1
LF:32
LH:7
BRDA:11,0,0,0
BRDA:11,0,1,0
BRDA:30,1,0,0
BRDA:30,1,1,0
BRDA:36,2,0,0
BRDA:36,2,1,0
BRF:6
BRH:0
end_of_record
TN:
SF:C:\Users\Alayesanmi Femi\ReactProjects\ALCWithForLoop\ALCwithForLoop\apis\services/OrderServices.js
FN:6,addOrder
FN:29,(anonymous_3)
FN:34,(anonymous_4)
FN:55,(anonymous_6)
FNF:4
FNH:1
FNDA:1,addOrder
FNDA:0,(anonymous_3)
FNDA:0,(anonymous_4)
FNDA:0,(anonymous_6)
DA:1,1
DA:2,1
DA:4,1
DA:6,1
DA:9,0
DA:10,0
DA:12,0
DA:15,0
DA:16,0
DA:17,0
DA:20,0
DA:21,0
DA:22,0
DA:23,0
DA:25,0
DA:26,0
DA:29,0
DA:31,0
DA:34,0
DA:35,0
DA:36,0
DA:37,0
DA:40,0
DA:43,0
DA:46,0
DA:49,0
DA:51,0
DA:55,1
DA:56,0
DA:57,0
DA:58,0
DA:59,0
DA:60,0
DA:61,0
DA:62,0
DA:63,0
DA:64,0
DA:66,1
DA:70,1
LF:39
LH:7
BRDA:12,0,0,0
BRDA:12,0,1,0
BRDA:31,1,0,0
BRDA:31,1,1,0
BRDA:40,2,0,0
BRDA:40,2,1,0
BRDA:46,3,0,0
BRDA:46,3,1,0
BRF:8
BRH:0
end_of_record
TN:
SF:C:\Users\Alayesanmi Femi\ReactProjects\ALCWithForLoop\ALCwithForLoop\apis\utils/date.js
FNF:0
FNH:0
DA:1,1
DA:2,1
DA:3,1
DA:4,1
DA:6,1
DA:7,0
DA:10,1
DA:11,1
DA:14,1
DA:16,1
LF:10
LH:9
BRDA:6,0,0,0
BRDA:6,0,1,1
BRDA:10,1,0,1
BRDA:10,1,1,0
BRF:4
BRH:2
end_of_record
TN:
SF:C:\Users\Alayesanmi Femi\ReactProjects\ALCWithForLoop\ALCwithForLoop\apis\utils/dummyData.js
FNF:0
FNH:0
DA:1,1
LF:1
LH:1
BRF:0
BRH:0
end_of_record
